Log file open, 09/20/16 13:42:55
LogInit:Display: Running engine for game: ShoppingSim16
LogInit: Version: 4.7.6-2513093+++depot+UE4-Releases+4.7
LogInit: API Version: 2455222
LogInit: Compiled (64-bit): Apr 15 2015 12:09:54
LogInit: Compiled with Visual C++: 18.00.21005.01
LogInit: Build Configuration: Development
LogInit: Branch Name: ++depot+UE4-Releases+4.7
LogInit: Command line: -EpicPortal 
LogInit: Base directory: C:/Program Files/Epic Games/4.7/Engine/Binaries/Win64/
LogInit: Rocket: 1
[2016.09.20-20.42.55:461][  0]LogTaskGraph: Started task graph with 3 named threads and 8 total threads.
[2016.09.20-20.42.55:561][  0]LogOnline:Warning: No default platform service specified for OnlineSubsystem
[2016.09.20-20.42.55:591][  0]LogInit: Presizing for 0 objects not considered by GC, pre-allocating 0 bytes.
[2016.09.20-20.42.55:599][  0]LogInit: Object subsystem initialized
[2016.09.20-20.42.55:601][  0]LogConsoleResponse:Warning: Skipping Unknown console variable: 'TranslucentSortAxis = (X=0.000000,Y=-1.000000,Z=0.000000)'
[2016.09.20-20.42.55:601][  0]LogConsoleResponse:Warning:   Found in ini file 'D:/Unreal Projects/ShoppingSim16/Saved/Config/Windows/Engine.ini', in section '[/Script/Engine.RendererSettings]'
[2016.09.20-20.42.55:602][  0]LogConsoleResponse:Warning: Skipping Unknown console variable: 'UIScaleRule = ShortestSide'
[2016.09.20-20.42.55:602][  0]LogConsoleResponse:Warning:   Found in ini file 'D:/Unreal Projects/ShoppingSim16/Saved/Config/Windows/Engine.ini', in section '[/Script/Engine.RendererSettings]'
[2016.09.20-20.42.55:602][  0]LogConsoleResponse:Warning: Skipping Unknown console variable: 'UIScaleCurve = (EditorCurveData=(Keys=),ExternalCurve=None)'
[2016.09.20-20.42.55:602][  0]LogConsoleResponse:Warning:   Found in ini file 'D:/Unreal Projects/ShoppingSim16/Saved/Config/Windows/Engine.ini', in section '[/Script/Engine.RendererSettings]'
[2016.09.20-20.42.55:602][  0]LogInit: Selected Device Profile: [Windows]
[2016.09.20-20.42.55:602][  0]LogInit: Applying CVar settings loaded from the selected device profile: [Windows]
[2016.09.20-20.42.55:612][  0]LogInit: Computer: BEASTMODE
[2016.09.20-20.42.55:612][  0]LogInit: User: Dan
[2016.09.20-20.42.55:612][  0]LogInit: CPU Page size=4096, Cores=6
[2016.09.20-20.42.55:612][  0]LogInit: High frequency timer resolution =3.222657 MHz
[2016.09.20-20.42.55:612][  0]LogMemory: Memory total: Physical=15.9GB (16GB approx) Virtual=131072.0GB
[2016.09.20-20.42.55:613][  0]LogMemory: Platform Memory Stats for Windows
[2016.09.20-20.42.55:613][  0]LogMemory: Process Physical Memory: 47.77 MB used, 47.77 MB peak
[2016.09.20-20.42.55:613][  0]LogMemory: Process Virtual Memory: 24.94 MB used, 24.94 MB peak
[2016.09.20-20.42.55:613][  0]LogMemory: Physical Memory: 5571.81 MB used, 16279.19 MB total
[2016.09.20-20.42.55:613][  0]LogMemory: Virtual Memory: 312.04 MB used, 134217728.00 MB total
[2016.09.20-20.42.55:673][  0]LogD3D11RHI: Found D3D11 adapter 0: NVIDIA GeForce GTX 970 (Feature Level 11_0)
[2016.09.20-20.42.55:673][  0]LogD3D11RHI: Adapter has 4058MB of dedicated video memory, 0MB of dedicated system memory, and 8139MB of shared system memory, 2 output[s]
[2016.09.20-20.42.55:678][  0]LogD3D11RHI: Found D3D11 adapter 1: Microsoft Basic Render Driver (Feature Level 11_0)
[2016.09.20-20.42.55:678][  0]LogD3D11RHI: Adapter has 0MB of dedicated video memory, 0MB of dedicated system memory, and 8139MB of shared system memory, 0 output[s]
[2016.09.20-20.42.55:678][  0]LogD3D11RHI: Chosen D3D11 Adapter Id = 0
[2016.09.20-20.42.55:682][  0]LogRHI: Texture pool is 1361 MB (70% of 1945 MB)
[2016.09.20-20.42.55:700][  0]LogD3D11RHI: Async texture creation enabled
[2016.09.20-20.42.55:773][  0]LogTextLocalizationManager: The requested culture ('en_US') has no localization data; parent culture's ('en') localization data will be used.
[2016.09.20-20.42.55:824][  0]LogTextLocalizationManager:Warning: Loading localization resources contain conflicting entries for (Namespace:UICommands, Key:Save_ToolTip):
Resource: (C:/Program Files/Epic Games/4.7/Engine/Content/Localization/Editor/en/Editor.locres) Hash: (-29098895) String: (Saves the current level to disk)
Resource: (C:/Program Files/Epic Games/4.7/Engine/Content/Localization/Engine/en/Engine.locres) Hash: (-1280300587) String: (Save selected data to vlog file)
[2016.09.20-20.42.55:825][  0]LogTextLocalizationManager:Warning: Loading localization resources contain conflicting entries for (Namespace:ContentBrowser, Key:ImportAssetToolTip):
Resource: (C:/Program Files/Epic Games/4.7/Engine/Content/Localization/Editor/en/Editor.locres) Hash: (-630476809) String: (Import to {0}...)
Resource: (C:/Program Files/Epic Games/4.7/Engine/Content/Localization/Editor/en/Editor.locres) Hash: (1271782899) String: (Imports an asset from file to this folder.)
[2016.09.20-20.42.55:919][  0]LogContentStreaming: Texture pool size is 0.000000MB
[2016.09.20-20.42.58:220][  0]LogTargetPlatformManager:Display: Building Assets For Windows
[2016.09.20-20.42.58:921][  0]LogTargetPlatformManager:Display: Building Assets For Windows
[2016.09.20-20.42.58:996][  0]LogDerivedDataCache:Display: Max Cache Size: 512 MB
[2016.09.20-20.42.59:048][  0]LogDerivedDataCache: Loaded boot cache 0.05s 39MB C:/Users/Dan/AppData/Local/UnrealEngine/4.7/DerivedDataCache/Boot.ddc.
[2016.09.20-20.42.59:049][  0]LogDerivedDataCache:Display: Loaded Boot cache: C:/Users/Dan/AppData/Local/UnrealEngine/4.7/DerivedDataCache/Boot.ddc
[2016.09.20-20.42.59:049][  0]LogDerivedDataCache: FDerivedDataBackendGraph:  Pak pak cache file D:/Unreal Projects/ShoppingSim16/DerivedDataCache/DDC.ddp not found, will not use a pak cache.
[2016.09.20-20.42.59:049][  0]LogDerivedDataCache: Unable to find inner node Pak for hierarchical cache Hierarchy.
[2016.09.20-20.42.59:172][  0]LogDerivedDataCache:Display: Pak cache opened for reading ../../../Engine/DerivedDataCache/Compressed.ddp.
[2016.09.20-20.42.59:185][  0]LogDerivedDataCache: Using Local data cache path C:/Users/Dan/AppData/Local/UnrealEngine/Common/DerivedDataCache: Writable
[2016.09.20-20.42.59:569][  0]LogMeshUtilities: No automatic mesh reduction module available
[2016.09.20-20.42.59:569][  0]LogMeshUtilities: No automatic mesh merging module available
[2016.09.20-20.42.59:970][  0]LogInit: WinSock: version 1.1 (2.2), MaxSocks=32767, MaxUdp=65467
[2016.09.20-20.43.00:111][  0]LogSlate:Warning: Failed to load font data from '../../../Engine/Content/Slate/Fonts/Roboto-Italic.ttf'
[2016.09.20-20.43.01:700][  0]UdpMessaging: Initializing bridge on interface 0.0.0.0:0 to multicast group 230.0.0.1:6666.
[2016.09.20-20.43.02:043][  0]SourceControl: Info Source control is disabled
[2016.09.20-20.43.02:043][  0]SourceControl: Info Source control is disabled
[2016.09.20-20.43.02:043][  0]SourceControl: Info Source control is disabled
[2016.09.20-20.43.02:043][  0]LogSourceControl: RunCommandInternalRaw: 'git version'
[2016.09.20-20.43.02:043][  0]LogSourceControl: RunCommandInternalRaw: ExecProcess ReturnCode=2 OutResults=''
[2016.09.20-20.43.02:056][  0]SourceControl: Info Source control is disabled
[2016.09.20-20.43.02:446][  0]LogObj: 24232 objects as part of root set at end of initial load.
[2016.09.20-20.43.02:446][  0]LogUObjectAllocator: 5137176 out of 0 bytes used by permanent object pool.
[2016.09.20-20.43.02:619][  0]LogEngine: Initializing Engine...
[2016.09.20-20.43.04:850][  0]LogInit: XAudio2 using 'Speakers (High Definition Audio Device)' : 2 channels at 44.1 kHz using 16 bits per sample (channel mask 0x3)
[2016.09.20-20.43.04:868][  0]LogInit: FAudioDevice initialized.
[2016.09.20-20.43.04:943][  0]LogAIModule: Creating AISystem for world NewWorld
[2016.09.20-20.43.04:968][  0]LogDerivedDataCache: Saved boot cache 0.02s 39MB C:/Users/Dan/AppData/Local/UnrealEngine/4.7/DerivedDataCache/Boot.ddc.
[2016.09.20-20.43.04:973][  0]LogInit: Texture streaming: Enabled
[2016.09.20-20.43.05:107][  0]LogAnalytics: Creating configured Analytics provider AnalyticsET
[2016.09.20-20.43.05:107][  0]LogAnalytics: ET APIKey = Rocket.Release. APIServer = http://et2.epicgames.com/ET2/. AppVersion = 4.7.6-2513093+++depot+UE4-Releases+4.7
[2016.09.20-20.43.05:107][  0]LogAnalytics: ET APIKey = Rocket.Release. DataRouterUploadURL = https://datarouter-public-service-gamedev.ol.epicgames.net/datarouter/api/v1/public/data. AppVersion = 4.7.6-2513093+++depot+UE4-Releases+4.7
[2016.09.20-20.43.05:107][  0]LogAnalytics: SetUserId 254acde242fd98340836659f26b5e0d0|6906475eeee24fe1838e76f93979595d|383d6eb6-4d07-4295-981b-d139fb8272cb
[2016.09.20-20.43.05:109][  0]LogAnalytics: AnalyticsET::StartSession [Rocket.Release]
[2016.09.20-20.43.05:164][  0]LogInit: Transaction tracking system initialized
[2016.09.20-20.43.05:457][  0]BlueprintLog: New page: Editor Load
[2016.09.20-20.43.05:505][  0]LogAssetRegistry: FAssetRegistry took 0.0113 seconds to start up
[2016.09.20-20.43.05:506][  0]LogDirectoryWatcher:Warning: Failed to begin reading directory changes for ../../../Engine/Plugins/Experimental/CharacterAI/Content/. Error: 0
[2016.09.20-20.43.06:118][  0]LogTargetPlatformManager:Display: Building Assets For Windows
[2016.09.20-20.43.06:401][  0]LogTargetPlatformManager:Display: Building Assets For Windows
[2016.09.20-20.43.06:808][  0]LogSlate:Warning: Failed to load font data from '../../../Engine/Content/Editor/Slate/Fonts/Roboto-Regular.ttf'
[2016.09.20-20.43.06:809][  0]LogSlate:Warning: Failed to load font data from '../../../Engine/Content/Editor/Slate/Fonts/Roboto-Bold.ttf'
[2016.09.20-20.43.06:814][  0]LogConsoleResponse:Display: 
[2016.09.20-20.43.06:964][  0]LogCook:Display: Done creating registry. It took  0.00s.
[2016.09.20-20.43.07:161][  0]SourceControl: Info Source control is disabled
[2016.09.20-20.43.07:161][  0]Cmd: MAP LOAD FILE="D:/Unreal Projects/ShoppingSim16/Content/FirstPersonBP/Maps/FirstPersonExampleMap.umap" TEMPLATE=0 SHOWPROGRESS=1 FEATURELEVEL=3
[2016.09.20-20.43.07:161][  0]LightingResults: New page: Lighting Build
[2016.09.20-20.43.07:176][  0]MapCheck: New page: Map Check
[2016.09.20-20.43.07:176][  0]LightingResults: New page: Lighting Build
[2016.09.20-20.43.07:183][  0]LogParticles: Destroying 0 GPU particle simulations for FXSystem 0x0000025C43FBB380
[2016.09.20-20.43.07:930][  0]LogLinker:Warning: Asset '../../../Engine/Content/EngineMeshes/Humanoid.uasset' has been saved with empty engine version. The asset will be loaded but may be incompatible.
[2016.09.20-20.43.09:462][  0]LogEditorServer: Finished looking for orphan Actors (0.000 secs)
[2016.09.20-20.43.10:401][  0]LogAIModule: Creating AISystem for world FirstPersonExampleMap
[2016.09.20-20.43.10:402][  0]Cmd: MAP CHECKDEP
[2016.09.20-20.43.10:402][  0]MapCheck: New page: FirstPersonExampleMap - Sep 20, 2016, 6:43:10 AM
[2016.09.20-20.43.10:628][  0]MapCheck: Info Map check complete: 0 Error(s), 0 Warning(s), took 224.966ms to complete.
[2016.09.20-20.43.10:628][  0]LogFileHelpers: Loading map 'FirstPersonExampleMap' took 3.467
[2016.09.20-20.43.10:817][  0]LogCollectionManager: Loaded 0 collections in 0.005875 seconds
[2016.09.20-20.43.10:836][  0]LogContentBrowser: Native class hierarchy populated in 0.0180 seconds. Added 1696 classes and 261 folders.
[2016.09.20-20.43.10:941][  0]LogContentBrowser: Native class hierarchy updated for 'SceneOutliner' in 0.0038 seconds. Added 1 classes and 2 folders.
[2016.09.20-20.43.11:027][  0]LogCrashTracker: Crashtracker disabled due to settings.
[2016.09.20-20.43.11:028][  0]LogSlate:Warning: Failed to load font data from 'Veranda'
[2016.09.20-20.43.11:034][  0]LogUObjectGlobals:Warning: Failed to find object 'Class None.'
[2016.09.20-20.43.11:070][  0]LogLoad: Full Startup: 17.72 seconds (BP compile: 1.05 seconds)
[2016.09.20-20.43.11:258][  0]LogRenderer:Warning: Reallocating scene render targets to support 32x32 (Frame:2).
[2016.09.20-20.43.11:384][  0]LogRenderer:Warning: Reallocating scene render targets to support 1616x904 (Frame:9).
[2016.09.20-20.43.14:457][ 10]LogAssetRegistry: Asset discovery search completed in 8.9630 seconds
[2016.09.20-20.43.26:635][989]LogActorComponent: UnregisterComponent: (/Engine/Transient.CharMoveComp) Not registered. Aborting.
[2016.09.20-20.43.26:635][989]LogActorComponent: UnregisterComponent: (/Engine/Transient.PhysicsHandleComponent_2) Not registered. Aborting.
[2016.09.20-20.43.26:662][989]Cmd: MAP LOAD FILE="D:/Unreal Projects/ShoppingSim16/Content/StoreAssetPlayground.umap" TEMPLATE=0 SHOWPROGRESS=1 FEATURELEVEL=3
[2016.09.20-20.43.26:724][989]LightingResults: New page: Lighting Build
[2016.09.20-20.43.26:790][989]LoadErrors: New page: Loading map: StoreAssetPlayground.umap
[2016.09.20-20.43.26:791][989]MapCheck: New page: Map Check
[2016.09.20-20.43.26:791][989]LightingResults: New page: Lighting Build
[2016.09.20-20.43.26:802][989]LogParticles: Destroying 0 GPU particle simulations for FXSystem 0x0000025C49DFEB60
[2016.09.20-20.43.29:144][989]LogEditorServer: Finished looking for orphan Actors (0.000 secs)
[2016.09.20-20.43.30:124][989]LogAIModule: Creating AISystem for world StoreAssetPlayground
[2016.09.20-20.43.30:144][989]Cmd: MAP CHECKDEP
[2016.09.20-20.43.30:144][989]MapCheck: New page: StoreAssetPlayground - Sep 20, 2016, 6:43:30 AM
[2016.09.20-20.43.30:285][989]MapCheck: Info Map check complete: 0 Error(s), 0 Warning(s), took 140.636ms to complete.
[2016.09.20-20.43.30:285][989]LogFileHelpers: Loading map 'StoreAssetPlayground' took 3.625
[2016.09.20-20.43.34:821][258]BlueprintLog: New page: Pre-PIE auto-recompile
[2016.09.20-20.43.34:821][258]LogPlayLevel: [PIE] Compiling StoreAssetPlayground before PIE...
[2016.09.20-20.43.34:860][258]LogActorComponent: UnregisterComponent: (/Engine/Transient.CharMoveComp) Not registered. Aborting.
[2016.09.20-20.43.34:860][258]LogActorComponent: UnregisterComponent: (/Engine/Transient.PhysicsHandleComponent_2) Not registered. Aborting.
[2016.09.20-20.43.34:892][258]LogPlayLevel: PIE:  Blueprint regeneration took 70 ms (1 blueprints)
[2016.09.20-20.43.34:892][258]PIE: New page: PIE session: StoreAssetPlayground (Sep 20, 2016, 6:43:34 AM)
[2016.09.20-20.43.35:121][258]LogPlayLevel: PIE: StaticDuplicateObject took: (0.228506s)
[2016.09.20-20.43.35:122][258]LogPlayLevel: PIE: World Init took: (0.000508s)
[2016.09.20-20.43.35:123][258]LogPlayLevel: PIE: Created PIE world by copying editor world from /Game/StoreAssetPlayground.StoreAssetPlayground to /Game/UEDPIE_0_StoreAssetPlayground.StoreAssetPlayground (0.230140s)
[2016.09.20-20.43.35:268][258]LogWorld: Game class is 'FirstPersonGameMode_C'
[2016.09.20-20.43.35:271][258]LogAIModule: Creating AISystem for world StoreAssetPlayground
[2016.09.20-20.43.35:800][258]LogWorld: Bringing World /Game/UEDPIE_0_StoreAssetPlayground.StoreAssetPlayground up for play (max tick rate 0) at 2016.09.20-13.43.35
[2016.09.20-20.43.35:828][258]LogWorld: Bringing up level for play took: 0.556245
[2016.09.20-20.43.35:832][258]PIE: Info Play in editor start time for /Game/UEDPIE_0_StoreAssetPlayground 1.367
[2016.09.20-20.43.54:218][250]LogCharacterMovement: FirstPersonCharacter_C_4 is stuck and failed to move!
[2016.09.20-20.43.54:233][251]LogCharacterMovement: FirstPersonCharacter_C_4 is stuck and failed to move!
[2016.09.20-20.43.54:341][257]LogCharacterMovement: FirstPersonCharacter_C_4 is stuck and failed to move!
[2016.09.20-20.43.54:379][259]LogCharacterMovement: FirstPersonCharacter_C_4 is stuck and failed to move!
[2016.09.20-20.43.54:453][263]LogCharacterMovement: FirstPersonCharacter_C_4 is stuck and failed to move!
[2016.09.20-20.43.54:493][265]LogCharacterMovement: FirstPersonCharacter_C_4 is stuck and failed to move!
[2016.09.20-20.43.54:532][267]LogCharacterMovement: FirstPersonCharacter_C_4 is stuck and failed to move!
[2016.09.20-20.43.54:605][271]LogCharacterMovement: FirstPersonCharacter_C_4 is stuck and failed to move!
[2016.09.20-20.43.54:624][272]LogCharacterMovement: FirstPersonCharacter_C_4 is stuck and failed to move!
[2016.09.20-20.43.54:680][275]LogCharacterMovement: FirstPersonCharacter_C_4 is stuck and failed to move!
[2016.09.20-20.43.54:699][276]LogCharacterMovement: FirstPersonCharacter_C_4 is stuck and failed to move!
[2016.09.20-20.43.54:717][277]LogCharacterMovement: FirstPersonCharacter_C_4 is stuck and failed to move!
[2016.09.20-20.43.54:736][278]LogCharacterMovement: FirstPersonCharacter_C_4 is stuck and failed to move!
[2016.09.20-20.43.54:773][280]LogCharacterMovement: FirstPersonCharacter_C_4 is stuck and failed to move!
[2016.09.20-20.43.54:794][281]LogCharacterMovement: FirstPersonCharacter_C_4 is stuck and failed to move!
[2016.09.20-20.43.54:810][282]LogCharacterMovement: FirstPersonCharacter_C_4 is stuck and failed to move!
[2016.09.20-20.43.54:831][283]LogCharacterMovement: FirstPersonCharacter_C_4 is stuck and failed to move!
[2016.09.20-20.43.54:848][284]LogCharacterMovement: FirstPersonCharacter_C_4 is stuck and failed to move!
[2016.09.20-20.43.54:867][285]LogCharacterMovement: FirstPersonCharacter_C_4 is stuck and failed to move!
[2016.09.20-20.43.54:886][286]LogCharacterMovement: FirstPersonCharacter_C_4 is stuck and failed to move!
[2016.09.20-20.43.54:923][288]LogCharacterMovement: FirstPersonCharacter_C_4 is stuck and failed to move!
[2016.09.20-20.43.54:941][289]LogCharacterMovement: FirstPersonCharacter_C_4 is stuck and failed to move!
[2016.09.20-20.43.54:960][290]LogCharacterMovement: FirstPersonCharacter_C_4 is stuck and failed to move!
[2016.09.20-20.43.54:978][291]LogCharacterMovement: FirstPersonCharacter_C_4 is stuck and failed to move!
[2016.09.20-20.43.55:016][293]LogCharacterMovement: FirstPersonCharacter_C_4 is stuck and failed to move!
[2016.09.20-20.43.55:108][298]LogCharacterMovement: FirstPersonCharacter_C_4 is stuck and failed to move!
[2016.09.20-20.43.55:126][299]LogCharacterMovement: FirstPersonCharacter_C_4 is stuck and failed to move!
[2016.09.20-20.43.55:164][301]LogCharacterMovement: FirstPersonCharacter_C_4 is stuck and failed to move!
[2016.09.20-20.43.55:183][302]LogCharacterMovement: FirstPersonCharacter_C_4 is stuck and failed to move!
[2016.09.20-20.43.55:237][305]LogCharacterMovement: FirstPersonCharacter_C_4 is stuck and failed to move!
[2016.09.20-20.43.55:330][310]LogCharacterMovement: FirstPersonCharacter_C_4 is stuck and failed to move!
[2016.09.20-20.43.55:349][311]LogCharacterMovement: FirstPersonCharacter_C_4 is stuck and failed to move!
[2016.09.20-20.43.55:366][312]LogCharacterMovement: FirstPersonCharacter_C_4 is stuck and failed to move!
[2016.09.20-20.43.55:385][313]LogCharacterMovement: FirstPersonCharacter_C_4 is stuck and failed to move!
[2016.09.20-20.44.17:542][514]LogParticles: Destroying 0 GPU particle simulations for FXSystem 0x0000025C3BE76160
[2016.09.20-20.44.33:893][343]LogEditorViewport: Clicking on Actor (LMB): StaticMeshActor (Floor)
[2016.09.20-20.44.34:997][394]LogEditorViewport: Clicking on Actor (LMB): StaticMeshActor (Floor)
[2016.09.20-20.44.35:700][427]LogEditorViewport: Clicking on Actor (LMB): TriggerBox (TriggerBox)
[2016.09.20-20.56.43:090][365]LogEditorViewport: Clicking on Actor (LMB): StaticMeshActor (Cube606)
[2016.09.20-20.56.55:698][345]LogEditorViewport: Clicking on Actor (LMB): StaticMeshActor (Cube27)
[2016.09.20-20.57.41:845][400]BlueprintLog: New page: Pre-PIE auto-recompile
[2016.09.20-20.57.41:845][400]LogPlayLevel: [PIE] Compiling StoreAssetPlayground before PIE...
[2016.09.20-20.57.41:888][400]LogActorComponent: UnregisterComponent: (/Engine/Transient.CharMoveComp) Not registered. Aborting.
[2016.09.20-20.57.41:888][400]LogActorComponent: UnregisterComponent: (/Engine/Transient.PhysicsHandleComponent_2) Not registered. Aborting.
[2016.09.20-20.57.41:888][400]LogActorComponent: UnregisterComponent: (/Engine/Transient.ProjectileMovementComponent_40__A6522401) Not registered. Aborting.
[2016.09.20-20.57.41:908][400]LogPlayLevel: PIE:  Blueprint regeneration took 63 ms (1 blueprints)
[2016.09.20-20.57.41:909][400]PIE: New page: PIE session: StoreAssetPlayground (Sep 20, 2016, 6:57:41 AM)
[2016.09.20-20.57.42:129][400]LogPlayLevel: PIE: StaticDuplicateObject took: (0.219527s)
[2016.09.20-20.57.42:130][400]LogPlayLevel: PIE: World Init took: (0.001061s)
[2016.09.20-20.57.42:131][400]LogPlayLevel: PIE: Created PIE world by copying editor world from /Game/StoreAssetPlayground.StoreAssetPlayground to /Game/UEDPIE_0_StoreAssetPlayground.StoreAssetPlayground (0.222385s)
[2016.09.20-20.57.42:174][400]LogWorld: Game class is 'FirstPersonGameMode_C'
[2016.09.20-20.57.42:176][400]LogAIModule: Creating AISystem for world StoreAssetPlayground
[2016.09.20-20.57.42:622][400]LogWorld: Bringing World /Game/UEDPIE_0_StoreAssetPlayground.StoreAssetPlayground up for play (max tick rate 0) at 2016.09.20-13.57.42
[2016.09.20-20.57.42:647][400]LogWorld: Bringing up level for play took: 0.471100
[2016.09.20-20.57.42:651][400]PIE: Info Play in editor start time for /Game/UEDPIE_0_StoreAssetPlayground 0.186
[2016.09.20-20.59.11:274][523]LogParticles: Destroying 0 GPU particle simulations for FXSystem 0x0000025C3E07C680
[2016.09.20-20.59.13:114][619]LogEditorViewport: Clicking on Actor (LMB): StaticMeshActor (Cube2457)
[2016.09.20-20.59.37:687][881]LogEditorViewport: Clicking on Actor (LMB): StaticMeshActor (Cart_Mesh3)
[2016.09.20-20.59.44:109][206]LogEditorViewport: Clicking on Actor (LMB): StaticMeshActor (Floor)
[2016.09.20-20.59.46:901][338]LogContentBrowser:Verbose: The content browser source was changed by the sources view to '/Game/ShoppingSim16'
[2016.09.20-21.00.01:709][938]LogEditorViewport: Clicking on Actor (LMB): StaticMeshActor (Floor)
[2016.09.20-21.00.47:814][952]LogEditorViewport: Clicking on Actor (LMB): StaticMeshActor (Cart_Mesh3)
[2016.09.20-21.00.50:311][ 61]LogEditorViewport: Clicking on Actor (LMB): TriggerBox (TriggerBox)
[2016.09.20-21.01.31:558][210]BlueprintLog: New page: Pre-PIE auto-recompile
[2016.09.20-21.01.31:558][210]LogPlayLevel: [PIE] Compiling StoreAssetPlayground before PIE...
[2016.09.20-21.01.31:616][210]LogPlayLevel: PIE:  Blueprint regeneration took 57 ms (1 blueprints)
[2016.09.20-21.01.31:616][210]PIE: New page: PIE session: StoreAssetPlayground (Sep 20, 2016, 7:01:31 AM)
[2016.09.20-21.01.31:832][210]LogPlayLevel: PIE: StaticDuplicateObject took: (0.216180s)
[2016.09.20-21.01.31:833][210]LogPlayLevel: PIE: World Init took: (0.000549s)
[2016.09.20-21.01.31:834][210]LogPlayLevel: PIE: Created PIE world by copying editor world from /Game/StoreAssetPlayground.StoreAssetPlayground to /Game/UEDPIE_0_StoreAssetPlayground.StoreAssetPlayground (0.217656s)
[2016.09.20-21.01.31:869][210]LogWorld: Game class is 'FirstPersonGameMode_C'
[2016.09.20-21.01.31:872][210]LogAIModule: Creating AISystem for world StoreAssetPlayground
[2016.09.20-21.01.32:332][210]LogWorld: Bringing World /Game/UEDPIE_0_StoreAssetPlayground.StoreAssetPlayground up for play (max tick rate 0) at 2016.09.20-14.01.32
[2016.09.20-21.01.32:357][210]LogWorld: Bringing up level for play took: 0.484344
[2016.09.20-21.01.32:361][210]PIE: Info Play in editor start time for /Game/UEDPIE_0_StoreAssetPlayground -0.104
[2016.09.20-21.01.47:420][116]LogParticles: Destroying 0 GPU particle simulations for FXSystem 0x0000025C3BFFE3E0
[2016.09.20-21.01.50:232][254]BlueprintLog: New page: Pre-PIE auto-recompile
[2016.09.20-21.01.50:232][254]LogPlayLevel: [PIE] Compiling StoreAssetPlayground before PIE...
[2016.09.20-21.01.50:299][254]LogPlayLevel: PIE:  Blueprint regeneration took 66 ms (1 blueprints)
[2016.09.20-21.01.50:299][254]PIE: New page: PIE session: StoreAssetPlayground (Sep 20, 2016, 7:01:50 AM)
[2016.09.20-21.01.50:512][254]LogPlayLevel: PIE: StaticDuplicateObject took: (0.212908s)
[2016.09.20-21.01.50:513][254]LogPlayLevel: PIE: World Init took: (0.000474s)
[2016.09.20-21.01.50:514][254]LogPlayLevel: PIE: Created PIE world by copying editor world from /Game/StoreAssetPlayground.StoreAssetPlayground to /Game/UEDPIE_0_StoreAssetPlayground.StoreAssetPlayground (0.214264s)
[2016.09.20-21.01.50:552][254]LogWorld: Game class is 'FirstPersonGameMode_C'
[2016.09.20-21.01.50:554][254]LogAIModule: Creating AISystem for world StoreAssetPlayground
[2016.09.20-21.01.51:045][254]LogWorld: Bringing World /Game/UEDPIE_0_StoreAssetPlayground.StoreAssetPlayground up for play (max tick rate 0) at 2016.09.20-14.01.51
[2016.09.20-21.01.51:071][254]LogWorld: Bringing up level for play took: 0.515878
[2016.09.20-21.01.51:075][254]PIE: Info Play in editor start time for /Game/UEDPIE_0_StoreAssetPlayground 0.609
[2016.09.20-21.01.52:436][318]LogParticles: Destroying 0 GPU particle simulations for FXSystem 0x0000025C3BBA4EA0
[2016.09.20-21.01.54:933][445]LogContentBrowser:Verbose: The content browser source was changed by the sources view to '/Game/FirstPersonBP'
[2016.09.20-21.01.55:974][502]LogContentBrowser:Verbose: The content browser source was changed by the sources view to '/Game'
[2016.09.20-21.01.57:534][581]LogContentBrowser:Verbose: The content browser source was changed by the sources view to '/Game/FirstPersonBP'
[2016.09.20-21.01.59:731][702]LogContentBrowser:Verbose: The content browser source was changed by the sources view to '/Game/FirstPersonBP/Blueprints'
[2016.09.20-21.03.12:747][162]LogActorComponent: UnregisterComponent: (/Engine/Transient.ProjectileMovementComponent_40__A6522401) Not registered. Aborting.
[2016.09.20-21.03.12:747][162]LogActorComponent: UnregisterComponent: (/Engine/Transient.CharMoveComp) Not registered. Aborting.
[2016.09.20-21.03.12:748][162]LogActorComponent: UnregisterComponent: (/Engine/Transient.PhysicsHandleComponent_2) Not registered. Aborting.
[2016.09.20-21.03.15:123][281]BlueprintLog: New page: Compile FirstPersonCharacter
[2016.09.20-21.03.15:330][281]LogActorComponent: UnregisterComponent: (/Engine/Transient.CharacterMovementComponent_0) Not registered. Aborting.
[2016.09.20-21.03.15:330][281]LogActorComponent: UnregisterComponent: (/Engine/Transient.PhysicsHandleComponent_0) Not registered. Aborting.
[2016.09.20-21.03.15:372][281]BlueprintEditorCompileResults: Info [1222.02] Compile of FirstPersonCharacter successful! [in 248 ms]
[2016.09.20-21.03.21:945][620]BlueprintLog: New page: Pre-PIE auto-recompile
[2016.09.20-21.03.21:948][620]LogPlayLevel: [PIE] Compiling StoreAssetPlayground before PIE...
[2016.09.20-21.03.21:995][620]LogActorComponent: UnregisterComponent: (/Engine/Transient.CharMoveComp) Not registered. Aborting.
[2016.09.20-21.03.21:995][620]LogActorComponent: UnregisterComponent: (/Engine/Transient.PhysicsHandleComponent_2) Not registered. Aborting.
[2016.09.20-21.03.22:016][620]LogPlayLevel: PIE:  Blueprint regeneration took 71 ms (1 blueprints)
[2016.09.20-21.03.22:016][620]PIE: New page: PIE session: StoreAssetPlayground (Sep 20, 2016, 7:03:22 AM)
[2016.09.20-21.03.22:236][620]LogPlayLevel: PIE: StaticDuplicateObject took: (0.218639s)
[2016.09.20-21.03.22:236][620]LogPlayLevel: PIE: World Init took: (0.000498s)
[2016.09.20-21.03.22:237][620]LogPlayLevel: PIE: Created PIE world by copying editor world from /Game/StoreAssetPlayground.StoreAssetPlayground to /Game/UEDPIE_0_StoreAssetPlayground.StoreAssetPlayground (0.220040s)
[2016.09.20-21.03.22:271][620]LogWorld: Game class is 'FirstPersonGameMode_C'
[2016.09.20-21.03.22:274][620]LogAIModule: Creating AISystem for world StoreAssetPlayground
[2016.09.20-21.03.22:776][620]LogWorld: Bringing World /Game/UEDPIE_0_StoreAssetPlayground.StoreAssetPlayground up for play (max tick rate 0) at 2016.09.20-14.03.22
[2016.09.20-21.03.22:802][620]LogWorld: Bringing up level for play took: 0.528227
[2016.09.20-21.03.22:806][620]PIE: Info Play in editor start time for /Game/UEDPIE_0_StoreAssetPlayground 0.341
[2016.09.20-21.04.05:486][206]LogParticles: Destroying 0 GPU particle simulations for FXSystem 0x0000025C2827D940
[2016.09.20-21.04.09:414][389]LogEditorViewport: Clicking on Actor (LMB): StaticMeshActor (Cart_Mesh3)
[2016.09.20-21.04.12:771][565]LogEditorViewport: Clicking on Actor (context menu): StaticMeshActor (Cart_Mesh3)
[2016.09.20-21.04.14:684][653]LogContentBrowser:Verbose: The content browser source was changed by the sources view to 'None'
[2016.09.20-21.04.14:684][653]LogContentBrowser:Verbose: The content browser source was changed by the sources view to '/Game/ShoppingSim16'
[2016.09.20-21.04.15:752][702]LogRenderer:Warning: Reallocating scene render targets to support 1912x928 (Frame:40477).
[2016.09.20-21.04.26:411][565]LogActorComponent: UnregisterComponent: (/Engine/Transient.ProjectileMovementComponent_40__A6522401) Not registered. Aborting.
[2016.09.20-21.04.26:412][565]LogActorComponent: UnregisterComponent: (/Engine/Transient.CharMoveComp) Not registered. Aborting.
[2016.09.20-21.04.26:412][565]LogActorComponent: UnregisterComponent: (/Engine/Transient.PhysicsHandleComponent_2) Not registered. Aborting.
[2016.09.20-21.04.28:721][599]LogEditorViewport: Clicking on Actor (context menu): StaticMeshActor (Cart_Mesh3)
[2016.09.20-21.04.44:839][360]LogActorComponent: UnregisterComponent: (/Engine/Transient.CharMoveComp) Not registered. Aborting.
[2016.09.20-21.04.44:839][360]LogActorComponent: UnregisterComponent: (/Engine/Transient.PhysicsHandleComponent_2) Not registered. Aborting.
[2016.09.20-21.04.44:839][360]LogActorComponent: UnregisterComponent: (/Engine/Transient.ProjectileMovementComponent_40__A6522401) Not registered. Aborting.
[2016.09.20-21.04.45:117][360]LogContentBrowser:Verbose: The content browser source was changed by the sources view to 'None'
[2016.09.20-21.04.45:117][360]LogContentBrowser:Verbose: The content browser source was changed by the sources view to '/Game'
[2016.09.20-21.06.40:780][380]Cmd: OBJ SAVEPACKAGE PACKAGE="/Game/StoreAssetPlayground" FILE="D:/Unreal Projects/ShoppingSim16/Saved/Autosaves/Game/StoreAssetPlayground_Auto1.umap" SILENT=true AUTOSAVING=true KEEPDIRTY=false
[2016.09.20-21.06.46:209][380]LogSavePackage: Save=5364.393066ms
[2016.09.20-21.06.46:210][380]LogSavePackage: Moving 'D:/Unreal Projects/ShoppingSim16/Saved/StoreAssetPlayground_Auto1C5D229EF4F437FB12D874CA7CB79EB6A.tmp' to 'D:/Unreal Projects/ShoppingSim16/Saved/Autosaves/Game/StoreAssetPlayground_Auto1.umap'
[2016.09.20-21.06.46:216][380]LogFileHelpers: Editor autosave (incl. sublevels) for '/Game/StoreAssetPlayground' took 5.530
[2016.09.20-21.06.46:216][380]LogFileHelpers: Editor autosave (incl. sublevels) for all levels took 5.530
[2016.09.20-21.06.46:258][380]OBJ SavePackage: Generating thumbnails for [1] asset(s) in package [/Game/FirstPersonBP/Blueprints/FirstPersonCharacter] ([1] browsable assets)...
[2016.09.20-21.06.46:312][380]OBJ SavePackage:     Rendered thumbnail for [Blueprint /Game/FirstPersonBP/Blueprints/FirstPersonCharacter.FirstPersonCharacter]
[2016.09.20-21.06.46:312][380]OBJ SavePackage: Finished generating thumbnails for package [/Game/FirstPersonBP/Blueprints/FirstPersonCharacter]
[2016.09.20-21.06.46:908][380]LogSavePackage: Save=588.290649ms
[2016.09.20-21.06.46:909][380]LogSavePackage: Moving 'D:/Unreal Projects/ShoppingSim16/Saved/FirstPersonCharacter_Auto118220D5F44D3B1245A47D2ADAE5DB48D.tmp' to 'D:/Unreal Projects/ShoppingSim16/Saved/Autosaves/Game/FirstPersonBP/Blueprints/FirstPersonCharacter_Auto1.uasset'
[2016.09.20-21.06.47:000][380]OBJ SavePackage: Generating thumbnails for [1] asset(s) in package [/Game/Cart_Mesh3_Blueprint] ([1] browsable assets)...
[2016.09.20-21.06.47:042][380]OBJ SavePackage:     Rendered thumbnail for [Blueprint /Game/Cart_Mesh3_Blueprint.Cart_Mesh3_Blueprint]
[2016.09.20-21.06.47:042][380]OBJ SavePackage: Finished generating thumbnails for package [/Game/Cart_Mesh3_Blueprint]
[2016.09.20-21.06.47:043][380]Cmd: OBJ SAVEPACKAGE PACKAGE="/Game/Cart_Mesh3_Blueprint" FILE="D:/Unreal Projects/ShoppingSim16/Saved/Autosaves/Game/Cart_Mesh3_Blueprint_Auto1.uasset" SILENT=false AUTOSAVING=true
[2016.09.20-21.06.47:556][380]LogSavePackage: Save=511.076721ms
[2016.09.20-21.06.47:557][380]LogSavePackage: Moving 'D:/Unreal Projects/ShoppingSim16/Saved/Cart_Mesh3_Blueprint_Auto1DEAF38364FC243CE313B8D8AE2192FD7.tmp' to 'D:/Unreal Projects/ShoppingSim16/Saved/Autosaves/Game/Cart_Mesh3_Blueprint_Auto1.uasset'
[2016.09.20-21.06.47:562][380]LogFileHelpers: Auto-saving content packages took 1.346
[2016.09.20-21.07.24:330][361]LogEditorViewport: Clicking on Actor (LMB): Cart_Mesh3_Blueprint_C (Cart_Mesh3_Blueprint)
[2016.09.20-21.07.36:798][995]LogEditorViewport: Clicking on Actor (LMB): StaticMeshActor (Floor)
[2016.09.20-21.07.37:810][ 45]LogEditorViewport: Clicking on Actor (LMB): StaticMeshActor (Floor)
[2016.09.20-21.07.38:582][ 83]LogEditorViewport: Clicking on Actor (LMB): StaticMeshActor (Floor)
[2016.09.20-21.07.39:822][146]LogEditorViewport: Clicking on Actor (LMB): StaticMeshActor (Floor)
[2016.09.20-21.07.41:680][240]LogEditorViewport: Clicking on Actor (LMB): TriggerBox (TriggerBox)
[2016.09.20-21.14.05:068][924]BlueprintLog: New page: Compile StoreAssetPlayground
[2016.09.20-21.14.05:125][924]LogActorComponent: UnregisterComponent: (/Engine/Transient.CharMoveComp) Not registered. Aborting.
[2016.09.20-21.14.05:125][924]LogActorComponent: UnregisterComponent: (/Engine/Transient.PhysicsHandleComponent_2) Not registered. Aborting.
[2016.09.20-21.14.05:125][924]LogActorComponent: UnregisterComponent: (/Engine/Transient.ProjectileMovementComponent_40__A6522401) Not registered. Aborting.
[2016.09.20-21.14.05:159][924]BlueprintEditorCompileResults: Info [1871.80] Compile of StoreAssetPlayground successful! [in 90 ms]
[2016.09.20-21.14.11:532][566]BlueprintLog: New page: Pre-PIE auto-recompile
[2016.09.20-21.14.11:537][566]LogPlayLevel: [PIE] Compiling StoreAssetPlayground before PIE...
[2016.09.20-21.14.11:628][566]LogPlayLevel: PIE:  Blueprint regeneration took 96 ms (1 blueprints)
[2016.09.20-21.14.11:628][566]PIE: New page: PIE session: StoreAssetPlayground (Sep 20, 2016, 7:14:11 AM)
[2016.09.20-21.14.11:838][566]LogBlueprint:Warning: FMemberReference::ResolveMember (EnableInput) bSelfContext == true, but no scope supplied!
[2016.09.20-21.14.11:838][566]LogBlueprint:Warning: FMemberReference::ResolveMember (EnableInput) bSelfContext == true, but no scope supplied!
[2016.09.20-21.14.11:838][566]LogBlueprint:Warning: FMemberReference::ResolveMember (K2_AttachRootComponentToActor) bSelfContext == true, but no scope supplied!
[2016.09.20-21.14.11:839][566]LogBlueprint:Warning: FMemberReference::ResolveMember (K2_AttachRootComponentToActor) bSelfContext == true, but no scope supplied!
[2016.09.20-21.14.11:858][566]LogPlayLevel: PIE: StaticDuplicateObject took: (0.228653s)
[2016.09.20-21.14.11:859][566]LogPlayLevel: PIE: World Init took: (0.001249s)
[2016.09.20-21.14.11:861][566]LogPlayLevel: PIE: Created PIE world by copying editor world from /Game/StoreAssetPlayground.StoreAssetPlayground to /Game/UEDPIE_0_StoreAssetPlayground.StoreAssetPlayground (0.231729s)
[2016.09.20-21.14.11:908][566]LogWorld: Game class is 'FirstPersonGameMode_C'
[2016.09.20-21.14.11:911][566]LogAIModule: Creating AISystem for world StoreAssetPlayground
[2016.09.20-21.14.12:417][566]LogWorld: Bringing World /Game/UEDPIE_0_StoreAssetPlayground.StoreAssetPlayground up for play (max tick rate 0) at 2016.09.20-14.14.12
[2016.09.20-21.14.12:442][566]LogWorld: Bringing up level for play took: 0.530921
[2016.09.20-21.14.12:446][566]PIE: Info Play in editor start time for /Game/UEDPIE_0_StoreAssetPlayground -0.019
[2016.09.20-21.14.23:126][134]LogParticles: Destroying 0 GPU particle simulations for FXSystem 0x0000025C8A735260
[2016.09.20-21.16.03:567][519]BlueprintLog: New page: Compile StoreAssetPlayground
[2016.09.20-21.16.03:667][519]BlueprintEditorCompileResults: Info [1990.31] Compile of StoreAssetPlayground successful! [in 99 ms]
[2016.09.20-21.16.05:951][701]BlueprintLog: New page: Pre-PIE auto-recompile
[2016.09.20-21.16.05:957][701]LogPlayLevel: [PIE] Compiling StoreAssetPlayground before PIE...
[2016.09.20-21.16.06:044][701]LogPlayLevel: PIE:  Blueprint regeneration took 93 ms (1 blueprints)
[2016.09.20-21.16.06:044][701]PIE: New page: PIE session: StoreAssetPlayground (Sep 20, 2016, 7:16:06 AM)
[2016.09.20-21.16.06:285][701]LogBlueprint:Warning: FMemberReference::ResolveMember (EnableInput) bSelfContext == true, but no scope supplied!
[2016.09.20-21.16.06:285][701]LogBlueprint:Warning: FMemberReference::ResolveMember (EnableInput) bSelfContext == true, but no scope supplied!
[2016.09.20-21.16.06:285][701]LogBlueprint:Warning: FMemberReference::ResolveMember (K2_AttachRootComponentToActor) bSelfContext == true, but no scope supplied!
[2016.09.20-21.16.06:285][701]LogBlueprint:Warning: FMemberReference::ResolveMember (K2_AttachRootComponentToActor) bSelfContext == true, but no scope supplied!
[2016.09.20-21.16.06:294][701]LogPlayLevel: PIE: StaticDuplicateObject took: (0.249930s)
[2016.09.20-21.16.06:295][701]LogPlayLevel: PIE: World Init took: (0.000560s)
[2016.09.20-21.16.06:296][701]LogPlayLevel: PIE: Created PIE world by copying editor world from /Game/StoreAssetPlayground.StoreAssetPlayground to /Game/UEDPIE_0_StoreAssetPlayground.StoreAssetPlayground (0.251407s)
[2016.09.20-21.16.06:342][701]LogWorld: Game class is 'FirstPersonGameMode_C'
[2016.09.20-21.16.06:344][701]LogAIModule: Creating AISystem for world StoreAssetPlayground
[2016.09.20-21.16.06:810][701]LogWorld: Bringing World /Game/UEDPIE_0_StoreAssetPlayground.StoreAssetPlayground up for play (max tick rate 0) at 2016.09.20-14.16.06
[2016.09.20-21.16.06:855][701]LogWorld: Bringing up level for play took: 0.509800
[2016.09.20-21.16.06:860][701]PIE: Info Play in editor start time for /Game/UEDPIE_0_StoreAssetPlayground 0.394
[2016.09.20-21.16.11:337][938]LogCharacterMovement: FirstPersonCharacter_C_17 is stuck and failed to move!
[2016.09.20-21.16.16:987][238]LogParticles: Destroying 0 GPU particle simulations for FXSystem 0x0000025CACEE4720
[2016.09.20-21.16.29:094][892]EditorErrors: New page: Actor attachment
[2016.09.20-21.16.32:226][ 55]BlueprintLog: New page: Pre-PIE auto-recompile
[2016.09.20-21.16.32:230][ 55]LogPlayLevel: [PIE] Compiling StoreAssetPlayground before PIE...
[2016.09.20-21.16.32:323][ 55]LogPlayLevel: PIE:  Blueprint regeneration took 96 ms (1 blueprints)
[2016.09.20-21.16.32:323][ 55]PIE: New page: PIE session: StoreAssetPlayground (Sep 20, 2016, 7:16:32 AM)
[2016.09.20-21.16.32:535][ 55]LogBlueprint:Warning: FMemberReference::ResolveMember (EnableInput) bSelfContext == true, but no scope supplied!
[2016.09.20-21.16.32:535][ 55]LogBlueprint:Warning: FMemberReference::ResolveMember (EnableInput) bSelfContext == true, but no scope supplied!
[2016.09.20-21.16.32:535][ 55]LogBlueprint:Warning: FMemberReference::ResolveMember (K2_AttachRootComponentToActor) bSelfContext == true, but no scope supplied!
[2016.09.20-21.16.32:535][ 55]LogBlueprint:Warning: FMemberReference::ResolveMember (K2_AttachRootComponentToActor) bSelfContext == true, but no scope supplied!
[2016.09.20-21.16.32:544][ 55]LogPlayLevel: PIE: StaticDuplicateObject took: (0.221084s)
[2016.09.20-21.16.32:545][ 55]LogPlayLevel: PIE: World Init took: (0.000476s)
[2016.09.20-21.16.32:546][ 55]LogPlayLevel: PIE: Created PIE world by copying editor world from /Game/StoreAssetPlayground.StoreAssetPlayground to /Game/UEDPIE_0_StoreAssetPlayground.StoreAssetPlayground (0.222501s)
[2016.09.20-21.16.32:584][ 55]LogWorld: Game class is 'FirstPersonGameMode_C'
[2016.09.20-21.16.32:587][ 55]LogAIModule: Creating AISystem for world StoreAssetPlayground
[2016.09.20-21.16.33:078][ 55]LogWorld: Bringing World /Game/UEDPIE_0_StoreAssetPlayground.StoreAssetPlayground up for play (max tick rate 0) at 2016.09.20-14.16.33
[2016.09.20-21.16.33:104][ 55]LogWorld: Bringing up level for play took: 0.517330
[2016.09.20-21.16.33:108][ 55]PIE: Info Play in editor start time for /Game/UEDPIE_0_StoreAssetPlayground 0.643
[2016.09.20-21.16.45:697][721]LogParticles: Destroying 0 GPU particle simulations for FXSystem 0x0000025C3C463D80
[2016.09.20-21.16.53:457][ 74]BlueprintLog: New page: Pre-PIE auto-recompile
[2016.09.20-21.16.53:461][ 74]LogPlayLevel: [PIE] Compiling StoreAssetPlayground before PIE...
[2016.09.20-21.16.53:558][ 74]LogPlayLevel: PIE:  Blueprint regeneration took 101 ms (1 blueprints)
[2016.09.20-21.16.53:558][ 74]PIE: New page: PIE session: StoreAssetPlayground (Sep 20, 2016, 7:16:53 AM)
[2016.09.20-21.16.53:792][ 74]LogBlueprint:Warning: FMemberReference::ResolveMember (EnableInput) bSelfContext == true, but no scope supplied!
[2016.09.20-21.16.53:792][ 74]LogBlueprint:Warning: FMemberReference::ResolveMember (EnableInput) bSelfContext == true, but no scope supplied!
[2016.09.20-21.16.53:792][ 74]LogBlueprint:Warning: FMemberReference::ResolveMember (K2_AttachRootComponentToActor) bSelfContext == true, but no scope supplied!
[2016.09.20-21.16.53:792][ 74]LogBlueprint:Warning: FMemberReference::ResolveMember (K2_AttachRootComponentToActor) bSelfContext == true, but no scope supplied!
[2016.09.20-21.16.53:802][ 74]LogPlayLevel: PIE: StaticDuplicateObject took: (0.243341s)
[2016.09.20-21.16.53:802][ 74]LogPlayLevel: PIE: World Init took: (0.000489s)
[2016.09.20-21.16.53:803][ 74]LogPlayLevel: PIE: Created PIE world by copying editor world from /Game/StoreAssetPlayground.StoreAssetPlayground to /Game/UEDPIE_0_StoreAssetPlayground.StoreAssetPlayground (0.244774s)
[2016.09.20-21.16.53:843][ 74]LogWorld: Game class is 'FirstPersonGameMode_C'
[2016.09.20-21.16.53:846][ 74]LogAIModule: Creating AISystem for world StoreAssetPlayground
[2016.09.20-21.16.54:298][ 74]LogWorld: Bringing World /Game/UEDPIE_0_StoreAssetPlayground.StoreAssetPlayground up for play (max tick rate 0) at 2016.09.20-14.16.54
[2016.09.20-21.16.54:323][ 74]LogWorld: Bringing up level for play took: 0.476438
[2016.09.20-21.16.54:327][ 74]PIE: Info Play in editor start time for /Game/UEDPIE_0_StoreAssetPlayground 1.862
[2016.09.20-21.17.00:126][380]LogParticles: Destroying 0 GPU particle simulations for FXSystem 0x0000025C8A35DEE0
[2016.09.20-21.17.01:154][429]BlueprintLog: New page: Pre-PIE auto-recompile
[2016.09.20-21.17.01:158][429]LogPlayLevel: [PIE] Compiling StoreAssetPlayground before PIE...
[2016.09.20-21.17.01:256][429]LogPlayLevel: PIE:  Blueprint regeneration took 101 ms (1 blueprints)
[2016.09.20-21.17.01:256][429]PIE: New page: PIE session: StoreAssetPlayground (Sep 20, 2016, 7:17:01 AM)
[2016.09.20-21.17.01:475][429]LogBlueprint:Warning: FMemberReference::ResolveMember (EnableInput) bSelfContext == true, but no scope supplied!
[2016.09.20-21.17.01:475][429]LogBlueprint:Warning: FMemberReference::ResolveMember (EnableInput) bSelfContext == true, but no scope supplied!
[2016.09.20-21.17.01:475][429]LogBlueprint:Warning: FMemberReference::ResolveMember (K2_AttachRootComponentToActor) bSelfContext == true, but no scope supplied!
[2016.09.20-21.17.01:475][429]LogBlueprint:Warning: FMemberReference::ResolveMember (K2_AttachRootComponentToActor) bSelfContext == true, but no scope supplied!
[2016.09.20-21.17.01:484][429]LogPlayLevel: PIE: StaticDuplicateObject took: (0.227912s)
[2016.09.20-21.17.01:485][429]LogPlayLevel: PIE: World Init took: (0.000469s)
[2016.09.20-21.17.01:486][429]LogPlayLevel: PIE: Created PIE world by copying editor world from /Game/StoreAssetPlayground.StoreAssetPlayground to /Game/UEDPIE_0_StoreAssetPlayground.StoreAssetPlayground (0.229324s)
[2016.09.20-21.17.01:548][429]LogWorld: Game class is 'FirstPersonGameMode_C'
[2016.09.20-21.17.01:552][429]LogAIModule: Creating AISystem for world StoreAssetPlayground
[2016.09.20-21.17.02:036][429]LogWorld: Bringing World /Game/UEDPIE_0_StoreAssetPlayground.StoreAssetPlayground up for play (max tick rate 0) at 2016.09.20-14.17.02
[2016.09.20-21.17.02:061][429]LogWorld: Bringing up level for play took: 0.508348
[2016.09.20-21.17.02:065][429]PIE: Info Play in editor start time for /Game/UEDPIE_0_StoreAssetPlayground 1.6
[2016.09.20-21.17.25:161][827]LogSelection:Warning: PIE object was selected: "CameraActor /Game/UEDPIE_0_StoreAssetPlayground.StoreAssetPlayground:PersistentLevel.CameraActor_9"
[2016.09.20-21.17.29:129][ 40]LogSelection:Warning: PIE object was selected: "FirstPersonCharacter_C /Game/UEDPIE_0_StoreAssetPlayground.StoreAssetPlayground:PersistentLevel.FirstPersonCharacter_C_20"
[2016.09.20-21.17.33:500][275]LogSelection:Warning: PIE object was selected: "FirstPersonGameMode_C /Game/UEDPIE_0_StoreAssetPlayground.StoreAssetPlayground:PersistentLevel.FirstPersonGameMode_C_9"
[2016.09.20-21.17.34:355][325]LogSelection:Warning: PIE object was selected: "FirstPersonCharacter_C /Game/UEDPIE_0_StoreAssetPlayground.StoreAssetPlayground:PersistentLevel.FirstPersonCharacter_C_20"
[2016.09.20-21.17.57:522][579]LogParticles: Destroying 0 GPU particle simulations for FXSystem 0x0000025C052ABBA0
[2016.09.20-21.18.27:995][890]Cmd: OBJ SAVEPACKAGE PACKAGE="/Game/StoreAssetPlayground" FILE="D:/Unreal Projects/ShoppingSim16/Saved/Autosaves/Game/StoreAssetPlayground_Auto2.umap" SILENT=true AUTOSAVING=true KEEPDIRTY=false
[2016.09.20-21.18.33:167][890]LogSavePackage: Save=5115.372559ms
[2016.09.20-21.18.33:167][890]LogSavePackage: Moving 'D:/Unreal Projects/ShoppingSim16/Saved/StoreAssetPlayground_Auto2AF498B4247DB9E09FBFB808745E35F8B.tmp' to 'D:/Unreal Projects/ShoppingSim16/Saved/Autosaves/Game/StoreAssetPlayground_Auto2.umap'
[2016.09.20-21.18.33:175][890]LogFileHelpers: Editor autosave (incl. sublevels) for '/Game/StoreAssetPlayground' took 5.258
[2016.09.20-21.18.33:175][890]LogFileHelpers: Editor autosave (incl. sublevels) for all levels took 5.258
[2016.09.20-21.22.12:687][636]BlueprintLog: New page: Compile StoreAssetPlayground
[2016.09.20-21.22.12:792][636]BlueprintEditorCompileResults: Info [2359.44] Compile of StoreAssetPlayground successful! [in 104 ms]
[2016.09.20-21.22.15:070][808]BlueprintLog: New page: Pre-PIE auto-recompile
[2016.09.20-21.22.15:076][808]LogPlayLevel: [PIE] Compiling StoreAssetPlayground before PIE...
[2016.09.20-21.22.15:172][808]LogPlayLevel: PIE:  Blueprint regeneration took 102 ms (1 blueprints)
[2016.09.20-21.22.15:172][808]PIE: New page: PIE session: StoreAssetPlayground (Sep 20, 2016, 7:22:15 AM)
[2016.09.20-21.22.15:381][808]LogBlueprint:Warning: FMemberReference::ResolveMember (EnableInput) bSelfContext == true, but no scope supplied!
[2016.09.20-21.22.15:381][808]LogBlueprint:Warning: FMemberReference::ResolveMember (EnableInput) bSelfContext == true, but no scope supplied!
[2016.09.20-21.22.15:381][808]LogBlueprint:Warning: FMemberReference::ResolveMember (GetOverlappingActors) bSelfContext == true, but no scope supplied!
[2016.09.20-21.22.15:381][808]LogBlueprint:Warning: FMemberReference::ResolveMember (GetOverlappingActors) bSelfContext == true, but no scope supplied!
[2016.09.20-21.22.15:382][808]LogBlueprint:Warning: FMemberReference::ResolveMember (K2_AttachRootComponentToActor) bSelfContext == true, but no scope supplied!
[2016.09.20-21.22.15:382][808]LogBlueprint:Warning: FMemberReference::ResolveMember (K2_AttachRootComponentToActor) bSelfContext == true, but no scope supplied!
[2016.09.20-21.22.15:398][808]LogPlayLevel: PIE: StaticDuplicateObject took: (0.225237s)
[2016.09.20-21.22.15:399][808]LogPlayLevel: PIE: World Init took: (0.001297s)
[2016.09.20-21.22.15:401][808]LogPlayLevel: PIE: Created PIE world by copying editor world from /Game/StoreAssetPlayground.StoreAssetPlayground to /Game/UEDPIE_0_StoreAssetPlayground.StoreAssetPlayground (0.228371s)
[2016.09.20-21.22.15:440][808]LogWorld: Game class is 'FirstPersonGameMode_C'
[2016.09.20-21.22.15:443][808]LogAIModule: Creating AISystem for world StoreAssetPlayground
[2016.09.20-21.22.15:896][808]LogWorld: Bringing World /Game/UEDPIE_0_StoreAssetPlayground.StoreAssetPlayground up for play (max tick rate 0) at 2016.09.20-14.22.15
[2016.09.20-21.22.15:921][808]LogWorld: Bringing up level for play took: 0.477688
[2016.09.20-21.22.15:925][808]PIE: Info Play in editor start time for /Game/UEDPIE_0_StoreAssetPlayground 1.46
[2016.09.20-21.22.26:417][364]LogParticles: Destroying 0 GPU particle simulations for FXSystem 0x0000025CB39ED940
[2016.09.20-21.23.34:759][179]LogContentBrowser:Verbose: The content browser source was changed by the sources view to '/Game/FirstPersonBP'
[2016.09.20-21.23.36:746][293]LogContentBrowser:Verbose: The content browser source was changed by the sources view to '/Game/FirstPersonBP/Blueprints'
[2016.09.20-21.23.54:464][800]BlueprintLog: New page: Compile StoreAssetPlayground
[2016.09.20-21.23.54:524][800]LogActorComponent: UnregisterComponent: (/Engine/Transient.ProjectileMovementComponent_40__A6522401) Not registered. Aborting.
[2016.09.20-21.23.54:524][800]LogActorComponent: UnregisterComponent: (/Engine/Transient.CharMoveComp) Not registered. Aborting.
[2016.09.20-21.23.54:525][800]LogActorComponent: UnregisterComponent: (/Engine/Transient.PhysicsHandleComponent_2) Not registered. Aborting.
[2016.09.20-21.23.54:560][800]BlueprintEditorCompileResults: Info [2461.21] Compile of StoreAssetPlayground successful! [in 95 ms]
[2016.09.20-21.23.58:125][  1]LogEditorViewport: Clicking on Actor (LMB): FirstPersonCharacter_C (FirstPersonCharacter)
[2016.09.20-21.23.59:361][ 48]Cmd: DELETE
[2016.09.20-21.23.59:361][ 48]Cmd: ACTOR DELETE
[2016.09.20-21.24.03:117][ 48]LogEditorActor: Deleted Actor: FirstPersonCharacter_C
[2016.09.20-21.24.03:164][ 48]LogEditorActor: Deleted 1 Actors (3.803 secs)
[2016.09.20-21.24.04:764][128]BlueprintLog: New page: Pre-PIE auto-recompile
[2016.09.20-21.24.04:770][128]LogPlayLevel: [PIE] Compiling StoreAssetPlayground before PIE...
[2016.09.20-21.24.04:787][128]LogBlueprint:Warning: [compiler] Warning Node  Unknown  is not referencing a valid level actor
[2016.09.20-21.24.04:787][128]LogBlueprint:Warning: [compiler] Warning [2471.43] Compile of StoreAssetPlayground successful, but with 1 Warning(s) [in 15 ms]
[2016.09.20-21.24.04:788][128]LogBlueprint:Warning: [compiler] Warning [2471.43] Compile of StoreAssetPlayground successful, but with 2 Warning(s) [in 0 ms]
[2016.09.20-21.24.04:827][128]LogBlueprint:Warning: [compiler] Warning [2471.47] Compile of StoreAssetPlayground successful, but with 3 Warning(s) [in 39 ms]
[2016.09.20-21.24.04:831][128]LogBlueprint:Warning: [compiler] Warning [2471.48] Compile of StoreAssetPlayground successful, but with 4 Warning(s) [in 4 ms]
[2016.09.20-21.24.04:831][128]LogBlueprint:Warning: [compiler] Warning [2471.48] Compile of StoreAssetPlayground successful, but with 5 Warning(s) [in 0 ms]
[2016.09.20-21.24.04:831][128]LogBlueprint:Warning: [compiler] Warning [2471.48] Compile of StoreAssetPlayground successful, but with 6 Warning(s) [in 0 ms]
[2016.09.20-21.24.04:854][128]LogPlayLevel: PIE:  Blueprint regeneration took 90 ms (1 blueprints)
[2016.09.20-21.24.04:854][128]PIE: New page: PIE session: StoreAssetPlayground (Sep 20, 2016, 7:24:04 AM)
[2016.09.20-21.24.05:062][128]LogBlueprint:Warning: FMemberReference::ResolveMember (EnableInput) bSelfContext == true, but no scope supplied!
[2016.09.20-21.24.05:062][128]LogBlueprint:Warning: FMemberReference::ResolveMember (EnableInput) bSelfContext == true, but no scope supplied!
[2016.09.20-21.24.05:063][128]LogBlueprint:Warning: FMemberReference::ResolveMember (K2_AttachRootComponentToActor) bSelfContext == true, but no scope supplied!
[2016.09.20-21.24.05:063][128]LogBlueprint:Warning: FMemberReference::ResolveMember (K2_AttachRootComponentToActor) bSelfContext == true, but no scope supplied!
[2016.09.20-21.24.05:071][128]LogPlayLevel: PIE: StaticDuplicateObject took: (0.216197s)
[2016.09.20-21.24.05:072][128]LogPlayLevel: PIE: World Init took: (0.000555s)
[2016.09.20-21.24.05:073][128]LogPlayLevel: PIE: Created PIE world by copying editor world from /Game/StoreAssetPlayground.StoreAssetPlayground to /Game/UEDPIE_0_StoreAssetPlayground.StoreAssetPlayground (0.217687s)
[2016.09.20-21.24.05:110][128]LogWorld: Game class is 'FirstPersonGameMode_C'
[2016.09.20-21.24.05:113][128]LogAIModule: Creating AISystem for world StoreAssetPlayground
[2016.09.20-21.24.05:566][128]LogWorld: Bringing World /Game/UEDPIE_0_StoreAssetPlayground.StoreAssetPlayground up for play (max tick rate 0) at 2016.09.20-14.24.05
[2016.09.20-21.24.05:592][128]LogWorld: Bringing up level for play took: 0.478747
[2016.09.20-21.24.05:596][128]PIE: Info Play in editor start time for /Game/UEDPIE_0_StoreAssetPlayground 1.13
[2016.09.20-21.24.11:142][431]LogCharacterMovement: FirstPersonCharacter_C_259 is stuck and failed to move!
[2016.09.20-21.24.11:162][432]LogCharacterMovement: FirstPersonCharacter_C_259 is stuck and failed to move!
[2016.09.20-21.24.11:219][435]LogCharacterMovement: FirstPersonCharacter_C_259 is stuck and failed to move!
[2016.09.20-21.24.11:301][439]LogCharacterMovement: FirstPersonCharacter_C_259 is stuck and failed to move!
[2016.09.20-21.24.11:335][441]LogCharacterMovement: FirstPersonCharacter_C_259 is stuck and failed to move!
[2016.09.20-21.24.11:354][442]LogCharacterMovement: FirstPersonCharacter_C_259 is stuck and failed to move!
[2016.09.20-21.24.11:862][467]LogCharacterMovement: FirstPersonCharacter_C_259 is stuck and failed to move!
[2016.09.20-21.24.12:111][480]LogCharacterMovement: FirstPersonCharacter_C_259 is stuck and failed to move!
[2016.09.20-21.24.12:134][481]LogCharacterMovement: FirstPersonCharacter_C_259 is stuck and failed to move!
[2016.09.20-21.24.12:153][482]LogCharacterMovement: FirstPersonCharacter_C_259 is stuck and failed to move!
[2016.09.20-21.24.12:168][483]LogCharacterMovement: FirstPersonCharacter_C_259 is stuck and failed to move!
[2016.09.20-21.24.12:208][485]LogCharacterMovement: FirstPersonCharacter_C_259 is stuck and failed to move!
[2016.09.20-21.24.12:228][486]LogCharacterMovement: FirstPersonCharacter_C_259 is stuck and failed to move!
[2016.09.20-21.24.12:267][488]LogCharacterMovement: FirstPersonCharacter_C_259 is stuck and failed to move!
[2016.09.20-21.24.12:304][490]LogCharacterMovement: FirstPersonCharacter_C_259 is stuck and failed to move!
[2016.09.20-21.24.12:323][491]LogCharacterMovement: FirstPersonCharacter_C_259 is stuck and failed to move!
[2016.09.20-21.24.12:343][492]LogCharacterMovement: FirstPersonCharacter_C_259 is stuck and failed to move!
[2016.09.20-21.24.12:386][494]LogCharacterMovement: FirstPersonCharacter_C_259 is stuck and failed to move!
[2016.09.20-21.24.12:411][495]LogCharacterMovement: FirstPersonCharacter_C_259 is stuck and failed to move!
[2016.09.20-21.24.12:427][496]LogCharacterMovement: FirstPersonCharacter_C_259 is stuck and failed to move!
[2016.09.20-21.24.12:462][498]LogCharacterMovement: FirstPersonCharacter_C_259 is stuck and failed to move!
[2016.09.20-21.24.12:501][500]LogCharacterMovement: FirstPersonCharacter_C_259 is stuck and failed to move!
[2016.09.20-21.24.15:175][629]LogParticles: Destroying 0 GPU particle simulations for FXSystem 0x0000025CB6012340
[2016.09.20-21.24.24:975][608]Cmd: TRANSACTION UNDO
[2016.09.20-21.24.24:975][608]LogEditorTransaction: Undo Delete Actors
[2016.09.20-21.24.25:362][620]Cmd: TRANSACTION UNDO
[2016.09.20-21.24.25:362][620]LogEditorTransaction: Undo Clicking on Actors
[2016.09.20-21.24.29:832][102]BlueprintLog: New page: Compile StoreAssetPlayground
[2016.09.20-21.24.29:926][102]BlueprintEditorCompileResults: Info [2496.57] Compile of StoreAssetPlayground successful! [in 93 ms]
[2016.09.20-21.24.32:464][283]BlueprintLog: New page: Pre-PIE auto-recompile
[2016.09.20-21.24.32:472][283]LogActorComponent: UnregisterComponent: (/Engine/Transient.CharMoveComp) Not registered. Aborting.
[2016.09.20-21.24.32:472][283]LogActorComponent: UnregisterComponent: (/Engine/Transient.PhysicsHandleComponent_2) Not registered. Aborting.
[2016.09.20-21.24.32:473][283]LogPlayLevel: [PIE] Compiling FirstPersonCharacter before PIE...
[2016.09.20-21.24.32:716][283]LogPlayLevel: [PIE] Compiling StoreAssetPlayground before PIE...
[2016.09.20-21.24.32:822][283]LogPlayLevel: PIE:  Blueprint regeneration took 357 ms (2 blueprints)
[2016.09.20-21.24.32:822][283]PIE: New page: PIE session: StoreAssetPlayground (Sep 20, 2016, 7:24:32 AM)
[2016.09.20-21.24.33:028][283]LogBlueprint:Warning: FMemberReference::ResolveMember (EnableInput) bSelfContext == true, but no scope supplied!
[2016.09.20-21.24.33:028][283]LogBlueprint:Warning: FMemberReference::ResolveMember (EnableInput) bSelfContext == true, but no scope supplied!
[2016.09.20-21.24.33:029][283]LogBlueprint:Warning: FMemberReference::ResolveMember (K2_AttachRootComponentToActor) bSelfContext == true, but no scope supplied!
[2016.09.20-21.24.33:029][283]LogBlueprint:Warning: FMemberReference::ResolveMember (K2_AttachRootComponentToActor) bSelfContext == true, but no scope supplied!
[2016.09.20-21.24.33:038][283]LogPlayLevel: PIE: StaticDuplicateObject took: (0.215158s)
[2016.09.20-21.24.33:038][283]LogPlayLevel: PIE: World Init took: (0.000506s)
[2016.09.20-21.24.33:039][283]LogPlayLevel: PIE: Created PIE world by copying editor world from /Game/StoreAssetPlayground.StoreAssetPlayground to /Game/UEDPIE_0_StoreAssetPlayground.StoreAssetPlayground (0.216580s)
[2016.09.20-21.24.33:121][283]LogWorld: Game class is 'FirstPersonGameMode_C'
[2016.09.20-21.24.33:123][283]LogAIModule: Creating AISystem for world StoreAssetPlayground
[2016.09.20-21.24.33:645][283]LogWorld: Bringing World /Game/UEDPIE_0_StoreAssetPlayground.StoreAssetPlayground up for play (max tick rate 0) at 2016.09.20-14.24.33
[2016.09.20-21.24.33:671][283]LogWorld: Bringing up level for play took: 0.547325
[2016.09.20-21.24.33:675][283]PIE: Info Play in editor start time for /Game/UEDPIE_0_StoreAssetPlayground 1.21
[2016.09.20-21.24.40:094][614]LogCharacterMovement: FirstPersonCharacter_C_12 is stuck and failed to move!
[2016.09.20-21.24.40:434][632]LogCharacterMovement: FirstPersonCharacter_C_12 is stuck and failed to move!
[2016.09.20-21.24.50:555][150]LogActorComponent: UnregisterComponent: (/Engine/Transient.CharMoveComp) Not registered. Aborting.
[2016.09.20-21.24.50:555][150]LogActorComponent: UnregisterComponent: (/Engine/Transient.PhysicsHandleComponent_2) Not registered. Aborting.
[2016.09.20-21.24.50:604][150]LogParticles: Destroying 0 GPU particle simulations for FXSystem 0x0000025C0FB56FC0
[2016.09.20-21.24.58:501][908]BlueprintLog: New page: Compile StoreAssetPlayground
[2016.09.20-21.24.58:573][908]BlueprintEditorCompileResults: Info [2525.22] Compile of StoreAssetPlayground successful! [in 71 ms]
[2016.09.20-21.25.00:744][ 66]BlueprintLog: New page: Pre-PIE auto-recompile
[2016.09.20-21.25.00:748][ 66]LogPlayLevel: [PIE] Compiling StoreAssetPlayground before PIE...
[2016.09.20-21.25.00:844][ 66]LogPlayLevel: PIE:  Blueprint regeneration took 99 ms (1 blueprints)
[2016.09.20-21.25.00:844][ 66]PIE: New page: PIE session: StoreAssetPlayground (Sep 20, 2016, 7:25:00 AM)
[2016.09.20-21.25.01:066][ 66]LogPlayLevel: PIE: StaticDuplicateObject took: (0.221555s)
[2016.09.20-21.25.01:066][ 66]LogPlayLevel: PIE: World Init took: (0.000517s)
[2016.09.20-21.25.01:067][ 66]LogPlayLevel: PIE: Created PIE world by copying editor world from /Game/StoreAssetPlayground.StoreAssetPlayground to /Game/UEDPIE_0_StoreAssetPlayground.StoreAssetPlayground (0.223103s)
[2016.09.20-21.25.01:147][ 66]LogWorld: Game class is 'FirstPersonGameMode_C'
[2016.09.20-21.25.01:150][ 66]LogAIModule: Creating AISystem for world StoreAssetPlayground
[2016.09.20-21.25.01:697][ 66]LogWorld: Bringing World /Game/UEDPIE_0_StoreAssetPlayground.StoreAssetPlayground up for play (max tick rate 0) at 2016.09.20-14.25.01
[2016.09.20-21.25.01:725][ 66]LogWorld: Bringing up level for play took: 0.574305
[2016.09.20-21.25.01:729][ 66]PIE: Info Play in editor start time for /Game/UEDPIE_0_StoreAssetPlayground 1.264
[2016.09.20-21.25.11:068][553]LogParticles: Destroying 0 GPU particle simulations for FXSystem 0x0000025C3BE47D80
[2016.09.20-21.29.14:533][183]LogSourceControl: RunCommandInternalRaw: 'git version'
[2016.09.20-21.29.14:534][183]LogSourceControl: RunCommandInternalRaw: ExecProcess ReturnCode=2 OutResults=''
[2016.09.20-21.29.24:049][475]Cmd: OBJ SAVEPACKAGE PACKAGE="/Game/StoreAssetPlayground" FILE="D:/Unreal Projects/ShoppingSim16/Saved/Autosaves/Game/StoreAssetPlayground_Auto3.umap" SILENT=true AUTOSAVING=true KEEPDIRTY=false
[2016.09.20-21.29.29:033][475]LogSavePackage: Save=4921.898926ms
[2016.09.20-21.29.29:033][475]LogSavePackage: Moving 'D:/Unreal Projects/ShoppingSim16/Saved/StoreAssetPlayground_Auto3BA6F530D4C6EBD58531BF79A7DBD3CD3.tmp' to 'D:/Unreal Projects/ShoppingSim16/Saved/Autosaves/Game/StoreAssetPlayground_Auto3.umap'
[2016.09.20-21.29.29:047][475]LogFileHelpers: Editor autosave (incl. sublevels) for '/Game/StoreAssetPlayground' took 5.092
[2016.09.20-21.29.29:047][475]LogFileHelpers: Editor autosave (incl. sublevels) for all levels took 5.092
[2016.09.20-21.29.29:090][475]OBJ SavePackage: Generating thumbnails for [1] asset(s) in package [/Game/FirstPersonBP/Blueprints/FirstPersonCharacter] ([1] browsable assets)...
[2016.09.20-21.29.29:130][475]OBJ SavePackage:     Rendered thumbnail for [Blueprint /Game/FirstPersonBP/Blueprints/FirstPersonCharacter.FirstPersonCharacter]
[2016.09.20-21.29.29:130][475]OBJ SavePackage: Finished generating thumbnails for package [/Game/FirstPersonBP/Blueprints/FirstPersonCharacter]
[2016.09.20-21.29.29:689][475]LogSavePackage: Save=550.908447ms
[2016.09.20-21.29.29:690][475]LogSavePackage: Moving 'D:/Unreal Projects/ShoppingSim16/Saved/FirstPersonCharacter_Auto353D363D64754D48DBBF8818322F1CA36.tmp' to 'D:/Unreal Projects/ShoppingSim16/Saved/Autosaves/Game/FirstPersonBP/Blueprints/FirstPersonCharacter_Auto3.uasset'
[2016.09.20-21.29.29:796][475]OBJ SavePackage: Generating thumbnails for [1] asset(s) in package [/Game/Cart_Mesh3_Blueprint] ([1] browsable assets)...
[2016.09.20-21.29.29:827][475]OBJ SavePackage:     Rendered thumbnail for [Blueprint /Game/Cart_Mesh3_Blueprint.Cart_Mesh3_Blueprint]
[2016.09.20-21.29.29:827][475]OBJ SavePackage: Finished generating thumbnails for package [/Game/Cart_Mesh3_Blueprint]
[2016.09.20-21.29.29:828][475]Cmd: OBJ SAVEPACKAGE PACKAGE="/Game/Cart_Mesh3_Blueprint" FILE="D:/Unreal Projects/ShoppingSim16/Saved/Autosaves/Game/Cart_Mesh3_Blueprint_Auto3.uasset" SILENT=false AUTOSAVING=true
[2016.09.20-21.29.30:287][475]LogSavePackage: Save=456.950897ms
[2016.09.20-21.29.30:287][475]LogSavePackage: Moving 'D:/Unreal Projects/ShoppingSim16/Saved/Cart_Mesh3_Blueprint_Auto3E45AB00543FDBA280CB97DA1AFAA92C4.tmp' to 'D:/Unreal Projects/ShoppingSim16/Saved/Autosaves/Game/Cart_Mesh3_Blueprint_Auto3.uasset'
[2016.09.20-21.29.30:292][475]LogFileHelpers: Auto-saving content packages took 1.246
[2016.09.20-21.29.35:568][672]SourceControl: Info Source control is disabled
[2016.09.20-21.39.37:632][771]LogSourceControl: RunCommandInternalRaw: 'git version'
[2016.09.20-21.39.37:633][771]LogSourceControl: RunCommandInternalRaw: ExecProcess ReturnCode=2 OutResults=''
[2016.09.20-21.39.42:520][920]SourceControl:Error: Error Failed to connect to source control. Check your settings and connection then try again.
[2016.09.20-21.39.53:254][161]LogSourceControl: RunCommandInternalRaw: 'git version'
[2016.09.20-21.39.53:254][161]LogSourceControl: RunCommandInternalRaw: ExecProcess ReturnCode=2 OutResults=''
[2016.09.20-21.39.53:254][161]LogSourceControl: RunCommandInternalRaw: 'git version'
[2016.09.20-21.39.53:255][161]LogSourceControl: RunCommandInternalRaw: ExecProcess ReturnCode=2 OutResults=''
[2016.09.20-21.40.02:704][408]LogSourceControl: RunCommandInternalRaw: 'git version'
[2016.09.20-21.40.02:704][408]LogSourceControl: RunCommandInternalRaw: ExecProcess ReturnCode=2 OutResults=''
[2016.09.20-21.40.02:704][408]LogSourceControl: RunCommandInternalRaw: 'git version'
[2016.09.20-21.40.02:705][408]LogSourceControl: RunCommandInternalRaw: ExecProcess ReturnCode=2 OutResults=''
[2016.09.20-21.40.17:438][534]LogSourceControl: RunCommandInternalRaw: 'git version'
[2016.09.20-21.40.17:439][534]LogSourceControl: RunCommandInternalRaw: ExecProcess ReturnCode=2 OutResults=''
[2016.09.20-21.40.17:439][534]LogSourceControl: RunCommandInternalRaw: 'git version'
[2016.09.20-21.40.17:439][534]LogSourceControl: RunCommandInternalRaw: ExecProcess ReturnCode=2 OutResults=''
[2016.09.20-21.40.22:228][647]LogSourceControl: RunCommandInternalRaw: 'git version'
[2016.09.20-21.40.22:228][647]LogSourceControl: RunCommandInternalRaw: ExecProcess ReturnCode=2 OutResults=''
[2016.09.20-21.40.22:228][647]LogSourceControl: RunCommandInternalRaw: 'git version'
[2016.09.20-21.40.22:229][647]LogSourceControl: RunCommandInternalRaw: ExecProcess ReturnCode=2 OutResults=''
[2016.09.20-21.40.24:386][702]LogSourceControl: RunCommandInternalRaw: 'git version'
[2016.09.20-21.40.24:386][702]LogSourceControl: RunCommandInternalRaw: ExecProcess ReturnCode=2 OutResults=''
[2016.09.20-21.40.24:386][702]LogSourceControl: RunCommandInternalRaw: 'git version'
[2016.09.20-21.40.24:386][702]LogSourceControl: RunCommandInternalRaw: ExecProcess ReturnCode=2 OutResults=''
[2016.09.20-21.40.27:129][777]LogSourceControl: RunCommandInternalRaw: 'git version'
[2016.09.20-21.40.27:129][777]LogSourceControl: RunCommandInternalRaw: ExecProcess ReturnCode=2 OutResults=''
[2016.09.20-21.40.29:126][839]LogSourceControl: RunCommandInternalRaw: 'git version'
[2016.09.20-21.40.29:127][839]LogSourceControl: RunCommandInternalRaw: ExecProcess ReturnCode=2 OutResults=''
[2016.09.20-21.40.29:127][839]LogSourceControl: RunCommandInternalRaw: 'git version'
[2016.09.20-21.40.29:127][839]LogSourceControl: RunCommandInternalRaw: ExecProcess ReturnCode=2 OutResults=''
[2016.09.20-21.40.29:222][842]SourceControl:Error: Error Failed to connect to source control. Check your settings and connection then try again.
[2016.09.20-21.40.44:439][190]LogSourceControl: RunCommandInternalRaw: 'git version'
[2016.09.20-21.40.44:439][190]LogSourceControl: RunCommandInternalRaw: ExecProcess ReturnCode=2 OutResults=''
[2016.09.20-21.40.44:439][190]LogSourceControl: RunCommandInternalRaw: 'git version'
[2016.09.20-21.40.44:440][190]LogSourceControl: RunCommandInternalRaw: ExecProcess ReturnCode=2 OutResults=''
[2016.09.20-21.40.58:434][348]LogSourceControl: RunCommandInternalRaw: 'git version'
[2016.09.20-21.40.58:435][348]LogSourceControl: RunCommandInternalRaw: ExecProcess ReturnCode=2 OutResults=''
[2016.09.20-21.40.58:435][348]LogSourceControl: RunCommandInternalRaw: 'git version'
[2016.09.20-21.40.58:435][348]LogSourceControl: RunCommandInternalRaw: ExecProcess ReturnCode=2 OutResults=''
[2016.09.20-21.41.41:353][588]SourceControl: Info Source control is disabled
[2016.09.20-21.41.42:993][627]LogSourceControl: RunCommandInternalRaw: 'git version'
[2016.09.20-21.41.42:994][627]LogSourceControl: RunCommandInternalRaw: ExecProcess ReturnCode=2 OutResults=''
[2016.09.20-21.41.45:673][694]LogSourceControl: RunCommandInternalRaw: 'git version'
[2016.09.20-21.41.45:673][694]LogSourceControl: RunCommandInternalRaw: ExecProcess ReturnCode=2 OutResults=''
[2016.09.20-21.41.46:142][704]LogSourceControl: RunCommandInternalRaw: 'git version'
[2016.09.20-21.41.46:142][704]LogSourceControl: RunCommandInternalRaw: ExecProcess ReturnCode=2 OutResults=''
[2016.09.20-21.41.46:612][714]LogSourceControl: RunCommandInternalRaw: 'git version'
[2016.09.20-21.41.46:612][714]LogSourceControl: RunCommandInternalRaw: ExecProcess ReturnCode=2 OutResults=''
[2016.09.20-21.41.46:654][715]LogSourceControl: RunCommandInternalRaw: 'git version'
[2016.09.20-21.41.46:654][715]LogSourceControl: RunCommandInternalRaw: ExecProcess ReturnCode=2 OutResults=''
[2016.09.20-21.41.46:711][716]LogSourceControl: RunCommandInternalRaw: 'git version'
[2016.09.20-21.41.46:712][716]LogSourceControl: RunCommandInternalRaw: ExecProcess ReturnCode=2 OutResults=''
[2016.09.20-21.41.46:754][717]LogSourceControl: RunCommandInternalRaw: 'git version'
[2016.09.20-21.41.46:754][717]LogSourceControl: RunCommandInternalRaw: ExecProcess ReturnCode=2 OutResults=''
[2016.09.20-21.41.46:795][718]LogSourceControl: RunCommandInternalRaw: 'git version'
[2016.09.20-21.41.46:796][718]LogSourceControl: RunCommandInternalRaw: ExecProcess ReturnCode=2 OutResults=''
[2016.09.20-21.41.46:843][719]LogSourceControl: RunCommandInternalRaw: 'git version'
[2016.09.20-21.41.46:844][719]LogSourceControl: RunCommandInternalRaw: ExecProcess ReturnCode=5 OutResults=''
[2016.09.20-21.41.46:893][720]LogSourceControl: RunCommandInternalRaw: 'git version'
[2016.09.20-21.41.46:895][720]LogSourceControl: RunCommandInternalRaw: ExecProcess ReturnCode=5 OutResults=''
[2016.09.20-21.41.46:943][721]LogSourceControl: RunCommandInternalRaw: 'git version'
[2016.09.20-21.41.46:945][721]LogSourceControl: RunCommandInternalRaw: ExecProcess ReturnCode=2 OutResults=''
[2016.09.20-21.41.46:986][722]LogSourceControl: RunCommandInternalRaw: 'git version'
[2016.09.20-21.41.46:987][722]LogSourceControl: RunCommandInternalRaw: ExecProcess ReturnCode=87 OutResults=''
[2016.09.20-21.41.52:913][873]LogSourceControl: RunCommandInternalRaw: 'git version'
[2016.09.20-21.41.52:915][873]LogSourceControl: RunCommandInternalRaw: ExecProcess ReturnCode=87 OutResults=''
[2016.09.20-21.41.52:915][873]LogSourceControl: RunCommandInternalRaw: 'git v