Log file open, 09/20/16 00:23:38
LogInit:Display: Running engine for game: ShoppingSim16
LogInit: Version: 4.7.6-2513093+++depot+UE4-Releases+4.7
LogInit: API Version: 2455222
LogInit: Compiled (64-bit): Apr 15 2015 12:09:54
LogInit: Compiled with Visual C++: 18.00.21005.01
LogInit: Build Configuration: Development
LogInit: Branch Name: ++depot+UE4-Releases+4.7
LogInit: Command line: -EpicPortal 
LogInit: Base directory: C:/Program Files/Epic Games/4.7/Engine/Binaries/Win64/
LogInit: Rocket: 1
[2016.09.20-07.23.38:487][  0]LogTaskGraph: Started task graph with 3 named threads and 8 total threads.
[2016.09.20-07.23.38:574][  0]LogOnline:Warning: No default platform service specified for OnlineSubsystem
[2016.09.20-07.23.38:605][  0]LogInit: Presizing for 0 objects not considered by GC, pre-allocating 0 bytes.
[2016.09.20-07.23.38:613][  0]LogInit: Object subsystem initialized
[2016.09.20-07.23.38:615][  0]LogConsoleResponse:Warning: Skipping Unknown console variable: 'TranslucentSortAxis = (X=0.000000,Y=-1.000000,Z=0.000000)'
[2016.09.20-07.23.38:615][  0]LogConsoleResponse:Warning:   Found in ini file 'D:/Unreal Projects/ShoppingSim16/Saved/Config/Windows/Engine.ini', in section '[/Script/Engine.RendererSettings]'
[2016.09.20-07.23.38:615][  0]LogConsoleResponse:Warning: Skipping Unknown console variable: 'UIScaleRule = ShortestSide'
[2016.09.20-07.23.38:615][  0]LogConsoleResponse:Warning:   Found in ini file 'D:/Unreal Projects/ShoppingSim16/Saved/Config/Windows/Engine.ini', in section '[/Script/Engine.RendererSettings]'
[2016.09.20-07.23.38:615][  0]LogConsoleResponse:Warning: Skipping Unknown console variable: 'UIScaleCurve = (EditorCurveData=(Keys=),ExternalCurve=None)'
[2016.09.20-07.23.38:615][  0]LogConsoleResponse:Warning:   Found in ini file 'D:/Unreal Projects/ShoppingSim16/Saved/Config/Windows/Engine.ini', in section '[/Script/Engine.RendererSettings]'
[2016.09.20-07.23.38:615][  0]LogInit: Selected Device Profile: [Windows]
[2016.09.20-07.23.38:615][  0]LogInit: Applying CVar settings loaded from the selected device profile: [Windows]
[2016.09.20-07.23.38:624][  0]LogInit: Computer: BEASTMODE
[2016.09.20-07.23.38:624][  0]LogInit: User: Dan
[2016.09.20-07.23.38:624][  0]LogInit: CPU Page size=4096, Cores=6
[2016.09.20-07.23.38:624][  0]LogInit: High frequency timer resolution =3.222657 MHz
[2016.09.20-07.23.38:624][  0]LogMemory: Memory total: Physical=15.9GB (16GB approx) Virtual=131072.0GB
[2016.09.20-07.23.38:625][  0]LogMemory: Platform Memory Stats for Windows
[2016.09.20-07.23.38:625][  0]LogMemory: Process Physical Memory: 47.77 MB used, 47.77 MB peak
[2016.09.20-07.23.38:625][  0]LogMemory: Process Virtual Memory: 24.89 MB used, 24.89 MB peak
[2016.09.20-07.23.38:625][  0]LogMemory: Physical Memory: 8200.96 MB used, 16279.19 MB total
[2016.09.20-07.23.38:625][  0]LogMemory: Virtual Memory: 312.04 MB used, 134217728.00 MB total
[2016.09.20-07.23.38:678][  0]LogD3D11RHI: Found D3D11 adapter 0: NVIDIA GeForce GTX 970 (Feature Level 11_0)
[2016.09.20-07.23.38:678][  0]LogD3D11RHI: Adapter has 4058MB of dedicated video memory, 0MB of dedicated system memory, and 8139MB of shared system memory, 2 output[s]
[2016.09.20-07.23.38:684][  0]LogD3D11RHI: Found D3D11 adapter 1: Microsoft Basic Render Driver (Feature Level 11_0)
[2016.09.20-07.23.38:684][  0]LogD3D11RHI: Adapter has 0MB of dedicated video memory, 0MB of dedicated system memory, and 8139MB of shared system memory, 0 output[s]
[2016.09.20-07.23.38:684][  0]LogD3D11RHI: Chosen D3D11 Adapter Id = 0
[2016.09.20-07.23.38:693][  0]LogRHI: Texture pool is 1361 MB (70% of 1945 MB)
[2016.09.20-07.23.38:714][  0]LogD3D11RHI: Async texture creation enabled
[2016.09.20-07.23.38:787][  0]LogTextLocalizationManager: The requested culture ('en_US') has no localization data; parent culture's ('en') localization data will be used.
[2016.09.20-07.23.38:840][  0]LogTextLocalizationManager:Warning: Loading localization resources contain conflicting entries for (Namespace:UICommands, Key:Save_ToolTip):
Resource: (C:/Program Files/Epic Games/4.7/Engine/Content/Localization/Editor/en/Editor.locres) Hash: (-29098895) String: (Saves the current level to disk)
Resource: (C:/Program Files/Epic Games/4.7/Engine/Content/Localization/Engine/en/Engine.locres) Hash: (-1280300587) String: (Save selected data to vlog file)
[2016.09.20-07.23.38:840][  0]LogTextLocalizationManager:Warning: Loading localization resources contain conflicting entries for (Namespace:ContentBrowser, Key:ImportAssetToolTip):
Resource: (C:/Program Files/Epic Games/4.7/Engine/Content/Localization/Editor/en/Editor.locres) Hash: (-630476809) String: (Import to {0}...)
Resource: (C:/Program Files/Epic Games/4.7/Engine/Content/Localization/Editor/en/Editor.locres) Hash: (1271782899) String: (Imports an asset from file to this folder.)
[2016.09.20-07.23.38:911][  0]LogContentStreaming: Texture pool size is 0.000000MB
[2016.09.20-07.23.41:269][  0]LogTargetPlatformManager:Display: Building Assets For Windows
[2016.09.20-07.23.41:945][  0]LogTargetPlatformManager:Display: Building Assets For Windows
[2016.09.20-07.23.42:024][  0]LogDerivedDataCache:Display: Max Cache Size: 512 MB
[2016.09.20-07.23.42:081][  0]LogDerivedDataCache: Loaded boot cache 0.06s 39MB C:/Users/Dan/AppData/Local/UnrealEngine/4.7/DerivedDataCache/Boot.ddc.
[2016.09.20-07.23.42:081][  0]LogDerivedDataCache:Display: Loaded Boot cache: C:/Users/Dan/AppData/Local/UnrealEngine/4.7/DerivedDataCache/Boot.ddc
[2016.09.20-07.23.42:082][  0]LogDerivedDataCache: FDerivedDataBackendGraph:  Pak pak cache file D:/Unreal Projects/ShoppingSim16/DerivedDataCache/DDC.ddp not found, will not use a pak cache.
[2016.09.20-07.23.42:082][  0]LogDerivedDataCache: Unable to find inner node Pak for hierarchical cache Hierarchy.
[2016.09.20-07.23.42:186][  0]LogDerivedDataCache:Display: Pak cache opened for reading ../../../Engine/DerivedDataCache/Compressed.ddp.
[2016.09.20-07.23.42:199][  0]LogDerivedDataCache: Using Local data cache path C:/Users/Dan/AppData/Local/UnrealEngine/Common/DerivedDataCache: Writable
[2016.09.20-07.23.42:606][  0]LogMeshUtilities: No automatic mesh reduction module available
[2016.09.20-07.23.42:606][  0]LogMeshUtilities: No automatic mesh merging module available
[2016.09.20-07.23.43:095][  0]LogInit: WinSock: version 1.1 (2.2), MaxSocks=32767, MaxUdp=65467
[2016.09.20-07.23.43:285][  0]LogSlate:Warning: Failed to load font data from '../../../Engine/Content/Slate/Fonts/Roboto-Italic.ttf'
[2016.09.20-07.23.44:914][  0]UdpMessaging: Initializing bridge on interface 0.0.0.0:0 to multicast group 230.0.0.1:6666.
[2016.09.20-07.23.45:247][  0]SourceControl: Info Source control is disabled
[2016.09.20-07.23.45:247][  0]SourceControl: Info Source control is disabled
[2016.09.20-07.23.45:247][  0]SourceControl: Info Source control is disabled
[2016.09.20-07.23.45:248][  0]LogSourceControl: RunCommandInternalRaw: 'git version'
[2016.09.20-07.23.45:248][  0]LogSourceControl: RunCommandInternalRaw: ExecProcess ReturnCode=2 OutResults=''
[2016.09.20-07.23.45:261][  0]SourceControl: Info Source control is disabled
[2016.09.20-07.23.45:582][  0]LogObj: 24232 objects as part of root set at end of initial load.
[2016.09.20-07.23.45:582][  0]LogUObjectAllocator: 5137176 out of 0 bytes used by permanent object pool.
[2016.09.20-07.23.45:678][  0]LogEngine: Initializing Engine...
[2016.09.20-07.23.47:895][  0]LogInit: XAudio2 using 'Speakers (High Definition Audio Device)' : 2 channels at 44.1 kHz using 16 bits per sample (channel mask 0x3)
[2016.09.20-07.23.47:910][  0]LogInit: FAudioDevice initialized.
[2016.09.20-07.23.47:963][  0]LogAIModule: Creating AISystem for world NewWorld
[2016.09.20-07.23.47:983][  0]LogDerivedDataCache: Saved boot cache 0.02s 39MB C:/Users/Dan/AppData/Local/UnrealEngine/4.7/DerivedDataCache/Boot.ddc.
[2016.09.20-07.23.47:987][  0]LogInit: Texture streaming: Enabled
[2016.09.20-07.23.48:101][  0]LogAnalytics: Creating configured Analytics provider AnalyticsET
[2016.09.20-07.23.48:101][  0]LogAnalytics: ET APIKey = Rocket.Release. APIServer = http://et2.epicgames.com/ET2/. AppVersion = 4.7.6-2513093+++depot+UE4-Releases+4.7
[2016.09.20-07.23.48:101][  0]LogAnalytics: ET APIKey = Rocket.Release. DataRouterUploadURL = https://datarouter-public-service-gamedev.ol.epicgames.net/datarouter/api/v1/public/data. AppVersion = 4.7.6-2513093+++depot+UE4-Releases+4.7
[2016.09.20-07.23.48:101][  0]LogAnalytics: SetUserId 254acde242fd98340836659f26b5e0d0|6906475eeee24fe1838e76f93979595d|383d6eb6-4d07-4295-981b-d139fb8272cb
[2016.09.20-07.23.48:101][  0]LogAnalytics: AnalyticsET::StartSession [Rocket.Release]
[2016.09.20-07.23.48:148][  0]LogInit: Transaction tracking system initialized
[2016.09.20-07.23.48:410][  0]BlueprintLog: New page: Editor Load
[2016.09.20-07.23.48:457][  0]LogAssetRegistry: FAssetRegistry took 0.0108 seconds to start up
[2016.09.20-07.23.48:457][  0]LogDirectoryWatcher:Warning: Failed to begin reading directory changes for ../../../Engine/Plugins/Experimental/CharacterAI/Content/. Error: 0
[2016.09.20-07.23.49:076][  0]LogTargetPlatformManager:Display: Building Assets For Windows
[2016.09.20-07.23.49:382][  0]LogTargetPlatformManager:Display: Building Assets For Windows
[2016.09.20-07.23.49:797][  0]LogSlate:Warning: Failed to load font data from '../../../Engine/Content/Editor/Slate/Fonts/Roboto-Regular.ttf'
[2016.09.20-07.23.49:798][  0]LogSlate:Warning: Failed to load font data from '../../../Engine/Content/Editor/Slate/Fonts/Roboto-Bold.ttf'
[2016.09.20-07.23.49:804][  0]LogConsoleResponse:Display: 
[2016.09.20-07.23.49:982][  0]LogCook:Display: Done creating registry. It took  0.00s.
[2016.09.20-07.23.50:202][  0]SourceControl: Info Source control is disabled
[2016.09.20-07.25.27:559][  0]Cmd: MAP LOAD FILE="D:/Unreal Projects/ShoppingSim16/Content/FirstPersonBP/Maps/FirstPersonExampleMap.umap" TEMPLATE=0 SHOWPROGRESS=1 FEATURELEVEL=3
[2016.09.20-07.25.27:563][  0]LightingResults: New page: Lighting Build
[2016.09.20-07.25.27:581][  0]MapCheck: New page: Map Check
[2016.09.20-07.25.27:581][  0]LightingResults: New page: Lighting Build
[2016.09.20-07.25.27:588][  0]LogParticles: Destroying 0 GPU particle simulations for FXSystem 0x00000203915F3380
[2016.09.20-07.25.28:516][  0]LogLinker:Warning: Asset '../../../Engine/Content/EngineMeshes/Humanoid.uasset' has been saved with empty engine version. The asset will be loaded but may be incompatible.
[2016.09.20-07.25.30:294][  0]LogEditorServer: Finished looking for orphan Actors (0.000 secs)
[2016.09.20-07.25.31:233][  0]LogAIModule: Creating AISystem for world FirstPersonExampleMap
[2016.09.20-07.25.31:235][  0]Cmd: MAP CHECKDEP
[2016.09.20-07.25.31:235][  0]MapCheck: New page: FirstPersonExampleMap - Sep 19, 2016, 5:25:31 PM
[2016.09.20-07.25.31:449][  0]MapCheck: Info Map check complete: 0 Error(s), 0 Warning(s), took 213.616ms to complete.
[2016.09.20-07.25.31:449][  0]LogFileHelpers: Loading map 'FirstPersonExampleMap' took 3.889
[2016.09.20-07.25.31:733][  0]LogStats:Warning: MetaData mismatch. Did you assign a stat to two groups? New //STATGROUP_Threads//SplashScreenThread///Thread_614_0///////STATCAT_Advanced//// old //STATGROUP_Threads//SplashScreenThread///Thread_5fc4_0///////STATCAT_Advanced////
[2016.09.20-07.25.31:733][  0]LogCollectionManager: Loaded 0 collections in 0.002342 seconds
[2016.09.20-07.25.31:745][  0]LogContentBrowser: Native class hierarchy populated in 0.0122 seconds. Added 1696 classes and 261 folders.
[2016.09.20-07.25.31:883][  0]LogContentBrowser: Native class hierarchy updated for 'SceneOutliner' in 0.0068 seconds. Added 1 classes and 2 folders.
[2016.09.20-07.25.31:981][  0]LogCrashTracker: Crashtracker disabled due to settings.
[2016.09.20-07.25.31:982][  0]LogSlate:Warning: Failed to load font data from 'Veranda'
[2016.09.20-07.25.31:994][  0]LogUObjectGlobals:Warning: Failed to find object 'Class None.'
[2016.09.20-07.25.32:026][  0]LogLoad: Full Startup: 115.71 seconds (BP compile: 1.23 seconds)
[2016.09.20-07.25.32:231][  0]LogRenderer:Warning: Reallocating scene render targets to support 32x32 (Frame:2).
[2016.09.20-07.25.32:343][  1]LogRenderer:Warning: Reallocating scene render targets to support 832x616 (Frame:9).
[2016.09.20-07.25.32:577][  5]LogAssetRegistry: Asset discovery search completed in 104.1304 seconds
[2016.09.20-07.25.41:790][ 41]LogActorComponent: UnregisterComponent: (/Engine/Transient.CharMoveComp) Not registered. Aborting.
[2016.09.20-07.25.41:790][ 41]LogActorComponent: UnregisterComponent: (/Engine/Transient.PhysicsHandleComponent_2) Not registered. Aborting.
[2016.09.20-07.25.41:818][ 41]Cmd: MAP LOAD FILE="D:/Unreal Projects/ShoppingSim16/Content/StoreAssetPlayground.umap" TEMPLATE=0 SHOWPROGRESS=1 FEATURELEVEL=3
[2016.09.20-07.25.41:876][ 41]LightingResults: New page: Lighting Build
[2016.09.20-07.25.41:935][ 41]LoadErrors: New page: Loading map: StoreAssetPlayground.umap
[2016.09.20-07.25.41:936][ 41]MapCheck: New page: Map Check
[2016.09.20-07.25.41:936][ 41]LightingResults: New page: Lighting Build
[2016.09.20-07.25.41:942][ 41]LogParticles: Destroying 0 GPU particle simulations for FXSystem 0x0000020396A7EB60
[2016.09.20-07.25.44:960][ 41]LogEditorServer: Finished looking for orphan Actors (0.000 secs)
[2016.09.20-07.25.45:990][ 41]LogAIModule: Creating AISystem for world StoreAssetPlayground
[2016.09.20-07.25.46:025][ 41]Cmd: MAP CHECKDEP
[2016.09.20-07.25.46:025][ 41]MapCheck: New page: StoreAssetPlayground - Sep 19, 2016, 5:25:46 PM
[2016.09.20-07.25.46:240][ 41]MapCheck: Info Map check complete: 0 Error(s), 0 Warning(s), took 215.767ms to complete.
[2016.09.20-07.25.46:240][ 41]LogFileHelpers: Loading map 'StoreAssetPlayground' took 4.425
[2016.09.20-07.25.51:894][420]BlueprintLog: New page: Pre-PIE auto-recompile
[2016.09.20-07.25.51:894][420]LogPlayLevel: [PIE] Compiling StoreAssetPlayground before PIE...
[2016.09.20-07.25.51:933][420]LogActorComponent: UnregisterComponent: (/Engine/Transient.CharMoveComp) Not registered. Aborting.
[2016.09.20-07.25.51:934][420]LogActorComponent: UnregisterComponent: (/Engine/Transient.PhysicsHandleComponent_2) Not registered. Aborting.
[2016.09.20-07.25.51:953][420]LogPlayLevel: PIE:  Blueprint regeneration took 58 ms (1 blueprints)
[2016.09.20-07.25.51:953][420]PIE: New page: PIE session: StoreAssetPlayground (Sep 19, 2016, 5:25:51 PM)
[2016.09.20-07.25.52:168][420]LogPlayLevel: PIE: StaticDuplicateObject took: (0.214673s)
[2016.09.20-07.25.52:168][420]LogPlayLevel: PIE: World Init took: (0.000445s)
[2016.09.20-07.25.52:169][420]LogPlayLevel: PIE: Created PIE world by copying editor world from /Game/StoreAssetPlayground.StoreAssetPlayground to /Game/UEDPIE_0_StoreAssetPlayground.StoreAssetPlayground (0.216268s)
[2016.09.20-07.25.52:321][420]LogWorld: Game class is 'FirstPersonGameMode_C'
[2016.09.20-07.25.52:324][420]LogAIModule: Creating AISystem for world StoreAssetPlayground
[2016.09.20-07.25.52:829][420]LogWorld: Bringing World /Game/UEDPIE_0_StoreAssetPlayground.StoreAssetPlayground up for play (max tick rate 0) at 2016.09.20-00.25.52
[2016.09.20-07.25.52:854][420]LogWorld: Bringing up level for play took: 0.529439
[2016.09.20-07.25.52:858][420]PIE: Info Play in editor start time for /Game/UEDPIE_0_StoreAssetPlayground 0.166
[2016.09.20-07.26.10:534][578]LogCharacterMovement: FirstPersonCharacter_C_4 is stuck and failed to move!
[2016.09.20-07.26.10:548][579]LogCharacterMovement: FirstPersonCharacter_C_4 is stuck and failed to move!
[2016.09.20-07.26.32:080][ 94]LogCharacterMovement: FirstPersonCharacter_C_4 is stuck and failed to move!
[2016.09.20-07.26.32:126][ 98]LogCharacterMovement: FirstPersonCharacter_C_4 is stuck and failed to move!
[2016.09.20-07.27.21:621][555]LogParticles: Destroying 0 GPU particle simulations for FXSystem 0x0000020389A1E520
[2016.09.20-07.27.23:259][681]BlueprintLog: New page: Pre-PIE auto-recompile
[2016.09.20-07.27.23:259][681]LogPlayLevel: [PIE] Compiling StoreAssetPlayground before PIE...
[2016.09.20-07.27.23:319][681]LogPlayLevel: PIE:  Blueprint regeneration took 59 ms (1 blueprints)
[2016.09.20-07.27.23:319][681]PIE: New page: PIE session: StoreAssetPlayground (Sep 19, 2016, 5:27:23 PM)
[2016.09.20-07.27.23:575][681]LogPlayLevel: PIE: StaticDuplicateObject took: (0.255269s)
[2016.09.20-07.27.23:575][681]LogPlayLevel: PIE: World Init took: (0.000527s)
[2016.09.20-07.27.23:576][681]LogPlayLevel: PIE: Created PIE world by copying editor world from /Game/StoreAssetPlayground.StoreAssetPlayground to /Game/UEDPIE_0_StoreAssetPlayground.StoreAssetPlayground (0.256727s)
[2016.09.20-07.27.23:617][681]LogWorld: Game class is 'FirstPersonGameMode_C'
[2016.09.20-07.27.23:619][681]LogAIModule: Creating AISystem for world StoreAssetPlayground
[2016.09.20-07.27.24:109][681]LogWorld: Bringing World /Game/UEDPIE_0_StoreAssetPlayground.StoreAssetPlayground up for play (max tick rate 0) at 2016.09.20-00.27.24
[2016.09.20-07.27.24:136][681]LogWorld: Bringing up level for play took: 0.517341
[2016.09.20-07.27.24:141][681]PIE: Info Play in editor start time for /Game/UEDPIE_0_StoreAssetPlayground 1.449
[2016.09.20-07.27.24:391][691]Cmd: LevelEditor.ToggleImmersive
[2016.09.20-07.27.24:619][692]LogRenderer:Warning: Reallocating scene render targets to support 1184x728 (Frame:7517).
[2016.09.20-07.27.24:709][693]LogRenderer:Warning: Reallocating scene render targets to support 1336x776 (Frame:7519).
[2016.09.20-07.27.28:258][899]LogParticles: Destroying 0 GPU particle simulations for FXSystem 0x0000020389A1F920
[2016.09.20-07.27.32:518][171]LogRenderer:Warning: Reallocating scene render targets to support 1616x904 (Frame:8005).
[2016.09.20-07.27.34:203][255]BlueprintLog: New page: Pre-PIE auto-recompile
[2016.09.20-07.27.34:203][255]LogPlayLevel: [PIE] Compiling StoreAssetPlayground before PIE...
[2016.09.20-07.27.34:279][255]LogPlayLevel: PIE:  Blueprint regeneration took 76 ms (1 blueprints)
[2016.09.20-07.27.34:279][255]PIE: New page: PIE session: StoreAssetPlayground (Sep 19, 2016, 5:27:34 PM)
[2016.09.20-07.27.34:501][255]LogPlayLevel: PIE: StaticDuplicateObject took: (0.222090s)
[2016.09.20-07.27.34:502][255]LogPlayLevel: PIE: World Init took: (0.000472s)
[2016.09.20-07.27.34:503][255]LogPlayLevel: PIE: Created PIE world by copying editor world from /Game/StoreAssetPlayground.StoreAssetPlayground to /Game/UEDPIE_0_StoreAssetPlayground.StoreAssetPlayground (0.223511s)
[2016.09.20-07.27.34:541][255]LogWorld: Game class is 'FirstPersonGameMode_C'
[2016.09.20-07.27.34:543][255]LogAIModule: Creating AISystem for world StoreAssetPlayground
[2016.09.20-07.27.35:018][255]LogWorld: Bringing World /Game/UEDPIE_0_StoreAssetPlayground.StoreAssetPlayground up for play (max tick rate 0) at 2016.09.20-00.27.35
[2016.09.20-07.27.35:044][255]LogWorld: Bringing up level for play took: 0.500026
[2016.09.20-07.27.35:048][255]PIE: Info Play in editor start time for /Game/UEDPIE_0_StoreAssetPlayground 0.356
[2016.09.20-07.27.35:620][283]Cmd: LevelEditor.ToggleImmersive
[2016.09.20-07.27.35:809][284]LogRenderer:Warning: Reallocating scene render targets to support 2288x1000 (Frame:8124).
[2016.09.20-07.27.35:898][285]LogRenderer:Warning: Reallocating scene render targets to support 2560x1040 (Frame:8126).
[2016.09.20-07.27.50:820][809]LogCharacterMovement: FirstPersonCharacter_C_6 is stuck and failed to move!
[2016.09.20-07.28.18:701][837]LogCharacterMovement: FirstPersonCharacter_C_6 is stuck and failed to move!
[2016.09.20-07.28.20:666][905]LogCharacterMovement: FirstPersonCharacter_C_6 is stuck and failed to move!
[2016.09.20-07.28.21:302][928]LogCharacterMovement: FirstPersonCharacter_C_6 is stuck and failed to move!
[2016.09.20-07.29.42:937][ 39]LogCharacterMovement: FirstPersonCharacter_C_6 is stuck and failed to move!
[2016.09.20-07.30.09:840][498]LogCharacterMovement: FirstPersonCharacter_C_6 is stuck and failed to move!
[2016.09.20-07.30.17:261][753]LogCharacterMovement: FirstPersonCharacter_C_6 is stuck and failed to move!
[2016.09.20-07.30.28:314][197]LogCharacterMovement: FirstPersonCharacter_C_6 is stuck and failed to move!
[2016.09.20-07.30.32:894][370]LogCharacterMovement: FirstPersonCharacter_C_6 is stuck and failed to move!
[2016.09.20-07.31.57:184][843]LogCharacterMovement: FirstPersonCharacter_C_6 is stuck and failed to move!
[2016.09.20-07.31.57:235][845]LogCharacterMovement: FirstPersonCharacter_C_6 is stuck and failed to move!
[2016.09.20-07.34.17:003][818]LogParticles: Destroying 0 GPU particle simulations for FXSystem 0x000002038B543380
[2016.09.20-07.35.12:380][131]LogEditorViewport: Clicking on Actor (LMB): StaticMeshActor (Ceiling)
[2016.09.20-07.37.04:155][539]Cmd: SELECT NONE
[2016.09.20-07.37.04:795][576]Cmd: SELECT NONE
[2016.09.20-07.37.06:277][656]Cmd: OBJ SAVEPACKAGE PACKAGE="/Game/StoreAssetPlayground" FILE="D:/Unreal Projects/ShoppingSim16/Content/StoreAssetPlayground.umap" SILENT=true AUTOSAVING=false KEEPDIRTY=false
[2016.09.20-07.37.12:085][656]LogSavePackage: Save=5728.685059ms
[2016.09.20-07.37.12:085][656]LogSavePackage: Moving 'D:/Unreal Projects/ShoppingSim16/Saved/StoreAssetPlayground5FDF603445E4519708919184AD88AD59.tmp' to 'D:/Unreal Projects/ShoppingSim16/Content/StoreAssetPlayground.umap'
[2016.09.20-07.37.21:409][176]Cmd: QUIT_EDITOR
[2016.09.20-07.37.21:708][176]LogExit: Preparing to exit.
[2016.09.20-07.37.22:372][176]LogExit: Editor shut down
[2016.09.20-07.37.22:372][176]LogExit: Transaction tracking system shut down
[2016.09.20-07.37.22:377][176]LogParticles: Destroying 0 GPU particle simulations for FXSystem 0x0000020398B37E20
[2016.09.20-07.37.22:377][176]LogParticles: Destroying 0 GPU particle simulations for FXSystem 0x00000203C1D69940
[2016.09.20-07.37.22:377][176]LogParticles: Destroying 0 GPU particle simulations for FXSystem 0x00000203C20D6700
[2016.09.20-07.37.22:377][176]LogParticles: Destroying 0 GPU particle simulations for FXSystem 0x00000203C2DAFC40
[2016.09.20-07.37.22:463][176]LogParticles: Destroying 0 GPU particle simulations for FXSystem 0x0000020388C502C0
[2016.09.20-07.37.22:463][176]LogExit: Object subsystem successfully closed.
[2016.09.20-07.37.22:544][176]LogModuleManager: Shutting down and abandoning module CrashTracker (177)
[2016.09.20-07.37.22:544][176]LogModuleManager: Shutting down and abandoning module SuperSearch (176)
[2016.09.20-07.37.22:544][176]LogModuleManager: Shutting down and abandoning module SceneOutliner (175)
[2016.09.20-07.37.22:544][176]LogModuleManager: Shutting down and abandoning module EditorWidgets (174)
[2016.09.20-07.37.22:544][176]LogModuleManager: Shutting down and abandoning module CollectionManager (173)
[2016.09.20-07.37.22:544][176]LogModuleManager: Shutting down and abandoning module StatsViewer (172)
[2016.09.20-07.37.22:544][176]LogModuleManager: Shutting down and abandoning module FoliageEdit (171)
[2016.09.20-07.37.22:544][176]LogModuleManager: Shutting down and abandoning module LandscapeEditor (170)
[2016.09.20-07.37.22:545][176]LogModuleManager: Shutting down and abandoning module MeshPaint (169)
[2016.09.20-07.37.22:545][176]LogModuleManager: Shutting down and abandoning module ActorPickerMode (168)
[2016.09.20-07.37.22:545][176]LogModuleManager: Shutting down and abandoning module GeometryMode (167)
[2016.09.20-07.37.22:545][176]LogModuleManager: Shutting down and abandoning module TextureAlignMode (166)
[2016.09.20-07.37.22:545][176]LogModuleManager: Shutting down and abandoning module BspMode (165)
[2016.09.20-07.37.22:545][176]LogModuleManager: Shutting down and abandoning module PlacementMode (164)
[2016.09.20-07.37.22:545][176]LogModuleManager: Shutting down and abandoning module AutomationWorker (163)
[2016.09.20-07.37.22:545][176]LogModuleManager: Shutting down and abandoning module CharacterAI (162)
[2016.09.20-07.37.22:545][176]LogModuleManager: Shutting down and abandoning module SmartSnapping (161)
[2016.09.20-07.37.22:545][176]LogModuleManager: Shutting down and abandoning module ViewportSnapping (160)
[2016.09.20-07.37.22:545][176]LogModuleManager: Shutting down and abandoning module LogVisualizer (159)
[2016.09.20-07.37.22:545][176]LogModuleManager: Shutting down and abandoning module GameProjectGeneration (158)
[2016.09.20-07.37.22:545][176]LogModuleManager: Shutting down and abandoning module IntroTutorials (157)
[2016.09.20-07.37.22:545][176]LogModuleManager: Shutting down and abandoning module EditorLiveStreaming (156)
[2016.09.20-07.37.22:545][176]LogModuleManager: Shutting down and abandoning module HardwareTargeting (155)
[2016.09.20-07.37.22:545][176]LogModuleManager: Shutting down and abandoning module DeviceProfileEditor (154)
[2016.09.20-07.37.22:545][176]LogModuleManager: Shutting down and abandoning module UndoHistory (153)
[2016.09.20-07.37.22:545][176]LogModuleManager: Shutting down and abandoning module GameplayTagsEditor (152)
[2016.09.20-07.37.22:545][176]LogModuleManager: Shutting down and abandoning module UserFeedback (151)
[2016.09.20-07.37.22:545][176]LogModuleManager: Shutting down and abandoning module XmlParser (150)
[2016.09.20-07.37.22:545][176]LogModuleManager: Shutting down and abandoning module Blutility (149)
[2016.09.20-07.37.22:545][176]LogModuleManager: Shutting down and abandoning module IOSPlatformEditor (148)
[2016.09.20-07.37.22:545][176]LogModuleManager: Shutting down and abandoning module IOSRuntimeSettings (147)
[2016.09.20-07.37.22:545][176]LogModuleManager: Shutting down and abandoning module AndroidDeviceDetection (146)
[2016.09.20-07.37.22:782][176]LogModuleManager: Shutting down and abandoning module AndroidPlatformEditor (145)
[2016.09.20-07.37.22:782][176]LogModuleManager: Shutting down and abandoning module AndroidRuntimeSettings (144)
[2016.09.20-07.37.22:782][176]LogModuleManager: Shutting down and abandoning module ProjectTargetPlatformEditor (143)
[2016.09.20-07.37.22:783][176]LogModuleManager: Shutting down and abandoning module ProjectSettingsViewer (142)
[2016.09.20-07.37.22:783][176]LogModuleManager: Shutting down and abandoning module InputBindingEditor (141)
[2016.09.20-07.37.22:783][176]LogModuleManager: Shutting down and abandoning module EditorSettingsViewer (140)
[2016.09.20-07.37.22:783][176]LogModuleManager: Shutting down and abandoning module SettingsEditor (139)
[2016.09.20-07.37.22:783][176]LogModuleManager: Shutting down and abandoning module ProjectLauncher (138)
[2016.09.20-07.37.22:783][176]LogModuleManager: Shutting down and abandoning module SessionFrontend (137)
[2016.09.20-07.37.22:783][176]LogModuleManager: Shutting down and abandoning module ProfilerClient (136)
[2016.09.20-07.37.22:783][176]LogModuleManager: Shutting down and abandoning module TargetDeviceServices (135)
[2016.09.20-07.37.22:783][176]LogModuleManager: Shutting down and abandoning module DeviceManager (134)
[2016.09.20-07.37.22:783][176]LogModuleManager: Shutting down and abandoning module AutomationController (133)
[2016.09.20-07.37.22:783][176]LogModuleManager: Shutting down and abandoning module AutomationWindow (132)
[2016.09.20-07.37.22:784][176]LogModuleManager: Shutting down and abandoning module Layers (131)
[2016.09.20-07.37.22:784][176]LogModuleManager: Shutting down and abandoning module ComponentVisualizers (130)
[2016.09.20-07.37.22:784][176]LogModuleManager: Shutting down and abandoning module DetailCustomizations (129)
[2016.09.20-07.37.22:784][176]LogModuleManager: Shutting down and abandoning module PackagesDialog (128)
[2016.09.20-07.37.22:784][176]LogModuleManager: Shutting down and abandoning module AssetRegistry (127)
[2016.09.20-07.37.22:877][176]LogModuleManager: Shutting down and abandoning module Persona (126)
[2016.09.20-07.37.22:877][176]LogModuleManager: Shutting down and abandoning module SlateReflector (125)
[2016.09.20-07.37.22:877][176]LogModuleManager: Shutting down and abandoning module LevelEditor (124)
[2016.09.20-07.37.22:878][176]LogModuleManager: Shutting down and abandoning module Kismet (123)
[2016.09.20-07.37.22:878][176]LogModuleManager: Shutting down and abandoning module GraphEditor (122)
[2016.09.20-07.37.22:879][176]LogModuleManager: Shutting down and abandoning module ClassViewer (121)
[2016.09.20-07.37.22:879][176]LogModuleManager: Shutting down and abandoning module Toolbox (120)
[2016.09.20-07.37.22:879][176]LogModuleManager: Shutting down and abandoning module ModuleUI (119)
[2016.09.20-07.37.22:879][176]LogModuleManager: Shutting down and abandoning module MovieSceneTools (118)
[2016.09.20-07.37.22:879][176]LogModuleManager: Shutting down and abandoning module OutputLog (117)
[2016.09.20-07.37.22:879][176]LogModuleManager: Shutting down and abandoning module GammaUI (116)
[2016.09.20-07.37.22:879][176]LogModuleManager: Shutting down and abandoning module Documentation (115)
[2016.09.20-07.37.22:879][176]LogModuleManager: Shutting down and abandoning module GameLiveStreaming (114)
[2016.09.20-07.37.22:879][176]LogModuleManager: Shutting down and abandoning module StreamingPauseRendering (113)
[2016.09.20-07.37.22:879][176]LogModuleManager: Shutting down and abandoning module HTTP (112)
[2016.09.20-07.37.22:879][176]LogModuleManager: Shutting down and abandoning module AnalyticsET (111)
[2016.09.20-07.37.22:879][176]LogModuleManager: Shutting down and abandoning module Analytics (110)
[2016.09.20-07.37.22:879][176]LogModuleManager: Shutting down and abandoning module AITestSuite (109)
[2016.09.20-07.37.22:879][176]LogModuleManager: Shutting down and abandoning module GameplayDebugger (108)
[2016.09.20-07.37.22:879][176]LogModuleManager: Shutting down and abandoning module AIModule (107)
[2016.09.20-07.37.22:879][176]LogModuleManager: Shutting down and abandoning module ProfilerService (106)
[2016.09.20-07.37.22:985][176]LogModuleManager: Shutting down and abandoning module TaskGraph (105)
[2016.09.20-07.37.22:985][176]LogModuleManager: Shutting down and abandoning module SlateRemote (104)
[2016.09.20-07.37.22:985][176]LogModuleManager: Shutting down and abandoning module ScriptEditorPlugin (103)
[2016.09.20-07.37.22:985][176]LogModuleManager: Shutting down and abandoning module CustomMeshComponent (102)
[2016.09.20-07.37.22:985][176]LogModuleManager: Shutting down and abandoning module CableComponent (101)
[2016.09.20-07.37.22:985][176]LogModuleManager: Shutting down and abandoning module MessagingDebugger (100)
[2016.09.20-07.37.22:986][176]LogModuleManager: Shutting down and abandoning module MediaPlayerEditor (99)
[2016.09.20-07.37.22:986][176]LogModuleManager: Shutting down and abandoning module SpeedTreeImporter (98)
[2016.09.20-07.37.22:986][176]LogModuleManager: Shutting down and abandoning module PluginsEditor (97)
[2016.09.20-07.37.22:986][176]LogModuleManager: Shutting down and abandoning module MainFrame (96)
[2016.09.20-07.37.22:986][176]LogModuleManager: Shutting down and abandoning module EpicSurvey (95)
[2016.09.20-07.37.22:986][176]LogModuleManager: Shutting down and abandoning module DesktopPlatform (94)
[2016.09.20-07.37.22:986][176]LogModuleManager: Shutting down and abandoning module DirectoryWatcher (93)
[2016.09.20-07.37.22:986][176]LogModuleManager: Shutting down and abandoning module HotReload (92)
[2016.09.20-07.37.22:986][176]LogModuleManager: Shutting down and abandoning module VisualStudioSourceCodeAccess (91)
[2016.09.20-07.37.22:987][176]LogModuleManager: Shutting down and abandoning module UObjectPlugin (90)
[2016.09.20-07.37.22:987][176]LogModuleManager: Shutting down and abandoning module SubversionSourceControl (89)
[2016.09.20-07.37.22:987][176]LogModuleManager: Shutting down and abandoning module PerforceSourceControl (88)
[2016.09.20-07.37.22:987][176]LogModuleManager: Shutting down and abandoning module SourceControl (87)
[2016.09.20-07.37.22:987][176]LogModuleManager: Shutting down and abandoning module GitSourceControl (86)
[2016.09.20-07.37.22:987][176]LogModuleManager: Shutting down and abandoning module BlankPlugin (85)
[2016.09.20-07.37.22:987][176]LogModuleManager: Shutting down and abandoning module PaperTiledImporter (84)
[2016.09.20-07.37.22:987][176]LogModuleManager: Shutting down and abandoning module PaperJsonImporter (83)
[2016.09.20-07.37.22:987][176]LogModuleManager: Shutting down and abandoning module ContentBrowser (82)
[2016.09.20-07.37.22:988][176]LogModuleManager: Shutting down and abandoning module Paper2DEditor (81)
[2016.09.20-07.37.22:988][176]LogModuleManager: Shutting down and abandoning module ScriptPlugin (80)
[2016.09.20-07.37.22:988][176]LogModuleManager: Shutting down and abandoning module UdpMessaging (79)
[2016.09.20-07.37.23:088][176]LogModuleManager: Shutting down and abandoning module Paper2D (78)
[2016.09.20-07.37.23:088][176]LogModuleManager: Shutting down and abandoning module WindowsMoviePlayer (77)
[2016.09.20-07.37.23:091][176]LogModuleManager: Shutting down and abandoning module Media (76)
[2016.09.20-07.37.23:091][176]LogModuleManager: Shutting down and abandoning module WmfMedia (75)
[2016.09.20-07.37.23:091][176]LogModuleManager: Shutting down and abandoning module OnlineBlueprintSupport (74)
[2016.09.20-07.37.23:091][176]LogModuleManager: Shutting down and abandoning module PropertyEditor (73)
[2016.09.20-07.37.23:091][176]LogModuleManager: Shutting down and abandoning module BehaviorTreeEditor (72)
[2016.09.20-07.37.23:091][176]LogModuleManager: Shutting down and abandoning module FunctionalTesting (71)
[2016.09.20-07.37.23:091][176]LogModuleManager: Shutting down and abandoning module CollisionAnalyzer (70)
[2016.09.20-07.37.23:091][176]LogModuleManager: Shutting down and abandoning module WorkspaceMenuStructure (69)
[2016.09.20-07.37.23:091][176]LogModuleManager: Shutting down and abandoning module MessageLog (68)
[2016.09.20-07.37.23:091][176]LogModuleManager: Shutting down and abandoning module Sequencer (67)
[2016.09.20-07.37.23:091][176]LogModuleManager: Shutting down and abandoning module AssetTools (66)
[2016.09.20-07.37.23:091][176]LogModuleManager: Shutting down and abandoning module UMGEditor (65)
[2016.09.20-07.37.23:091][176]LogModuleManager: Shutting down and abandoning module UMG (64)
[2016.09.20-07.37.23:091][176]LogModuleManager: Shutting down and abandoning module Slate (63)
[2016.09.20-07.37.23:091][176]LogModuleManager: Shutting down and abandoning module EditorStyle (62)
[2016.09.20-07.37.23:099][176]LogModuleManager: Shutting down and abandoning module SessionServices (61)
[2016.09.20-07.37.23:099][176]LogModuleManager: Shutting down and abandoning module SourceCodeAccess (60)
[2016.09.20-07.37.23:099][176]LogModuleManager: Shutting down and abandoning module HeadMountedDisplay (59)
[2016.09.20-07.37.23:099][176]LogModuleManager: Shutting down and abandoning module XAudio2 (58)
[2016.09.20-07.37.23:099][176]LogModuleManager: Shutting down and abandoning module Networking (56)
[2016.09.20-07.37.23:099][176]LogModuleManager: Shutting down and abandoning module Core (55)
[2016.09.20-07.37.23:099][176]LogModuleManager: Shutting down and abandoning module KismetCompiler (54)
[2016.09.20-07.37.23:099][176]LogModuleManager: Shutting down and abandoning module PhysXFormats (53)
[2016.09.20-07.37.23:099][176]LogModuleManager: Shutting down and abandoning module MeshUtilities (52)
[2016.09.20-07.37.23:099][176]LogModuleManager: Shutting down and abandoning module DerivedDataCache (51)
[2016.09.20-07.37.23:114][176]LogDerivedDataCache: Shutdown
[2016.09.20-07.37.23:114][176]LogModuleManager: Shutting down and abandoning module ShaderFormatOpenGL (50)
[2016.09.20-07.37.23:114][176]LogModuleManager: Shutting down and abandoning module ShaderFormatD3D (49)
[2016.09.20-07.37.23:114][176]LogModuleManager: Shutting down and abandoning module MetalShaderFormat (48)
[2016.09.20-07.37.23:114][176]LogModuleManager: Shutting down and abandoning module TextureFormatUncompressed (47)
[2016.09.20-07.37.23:114][176]LogModuleManager: Shutting down and abandoning module TextureFormatPVR (46)
[2016.09.20-07.37.23:114][176]LogModuleManager: Shutting down and abandoning module TextureFormatIntelISPCTexComp (45)
[2016.09.20-07.37.23:114][176]LogModuleManager: Shutting down and abandoning module TextureFormatDXT (44)
[2016.09.20-07.37.23:114][176]LogModuleManager: Shutting down and abandoning module ImageWrapper (43)
[2016.09.20-07.37.23:114][176]LogModuleManager: Shutting down and abandoning module TextureFormatASTC (42)
[2016.09.20-07.37.23:114][176]LogModuleManager: Shutting down and abandoning module TextureFormatAndroid (41)
[2016.09.20-07.37.23:114][176]LogModuleManager: Shutting down and abandoning module AudioFormatOpus (40)
[2016.09.20-07.37.23:114][176]LogModuleManager: Shutting down and abandoning module AudioFormatOgg (39)
[2016.09.20-07.37.23:115][176]LogModuleManager: Shutting down and abandoning module AudioFormatADPCM (38)
[2016.09.20-07.37.23:115][176]LogModuleManager: Shutting down and abandoning module LinuxTargetPlatform (37)
[2016.09.20-07.37.23:115][176]LogModuleManager: Shutting down and abandoning module LinuxServerTargetPlatform (36)
[2016.09.20-07.37.23:115][176]LogModuleManager: Shutting down and abandoning module LinuxNoEditorTargetPlatform (35)
[2016.09.20-07.37.23:115][176]LogModuleManager: Shutting down and abandoning module Messaging (34)
[2016.09.20-07.37.23:115][176]LogModuleManager: Shutting down and abandoning module IOSTargetPlatform (33)
[2016.09.20-07.37.23:115][176]LogModuleManager: Shutting down and abandoning module HTML5TargetPlatform (32)
[2016.09.20-07.37.23:115][176]LogModuleManager: Shutting down and abandoning module Android_PVRTCTargetPlatform (31)
[2016.09.20-07.37.23:115][176]LogModuleManager: Shutting down and abandoning module Android_ETC2TargetPlatform (30)
[2016.09.20-07.37.23:115][176]LogModuleManager: Shutting down and abandoning module Android_ETC1TargetPlatform (29)
[2016.09.20-07.37.23:115][176]LogModuleManager: Shutting down and abandoning module Android_ES31TargetPlatform (28)
[2016.09.20-07.37.23:115][176]LogModuleManager: Shutting down and abandoning module Android_DXTTargetPlatform (27)
[2016.09.20-07.37.23:115][176]LogModuleManager: Shutting down and abandoning module Android_ATCTargetPlatform (26)
[2016.09.20-07.37.23:115][176]LogModuleManager: Shutting down and abandoning module AndroidTargetPlatform (25)
[2016.09.20-07.37.23:115][176]LogModuleManager: Shutting down and abandoning module WindowsTargetPlatform (24)
[2016.09.20-07.37.23:115][176]LogModuleManager: Shutting down and abandoning module WindowsServerTargetPlatform (23)
[2016.09.20-07.37.23:115][176]LogModuleManager: Shutting down and abandoning module WindowsNoEditorTargetPlatform (22)
[2016.09.20-07.37.23:115][176]LogModuleManager: Shutting down and abandoning module WindowsClientTargetPlatform (21)
[2016.09.20-07.37.23:115][176]LogModuleManager: Shutting down and abandoning module TargetPlatform (20)
[2016.09.20-07.37.23:115][176]LogModuleManager: Shutting down and abandoning module InputCore (19)
[2016.09.20-07.37.23:115][176]LogModuleManager: Shutting down and abandoning module Settings (18)
[2016.09.20-07.37.23:115][176]LogModuleManager: Shutting down and abandoning module OnlineSubsystem (16)
[2016.09.20-07.37.23:115][176]LogModuleManager: Shutting down and abandoning module OculusRift (15)
[2016.09.20-07.37.23:115][176]LogModuleManager: Shutting down and abandoning module ExampleDeviceProfileSelector (14)
[2016.09.20-07.37.23:115][176]LogModuleManager: Shutting down and abandoning module TextureCompressor (13)
[2016.09.20-07.37.23:115][176]LogModuleManager: Shutting down and abandoning module ShaderCore (12)
[2016.09.20-07.37.23:115][176]LogModuleManager: Shutting down and abandoning module Landscape (11)
[2016.09.20-07.37.23:115][176]LogModuleManager: Shutting down and abandoning module SlateRHIRenderer (10)
[2016.09.20-07.37.23:117][176]LogModuleManager: Shutting down and abandoning module OpenGLDrv (9)
[2016.09.20-07.37.23:117][176]LogModuleManager: Shutting down and abandoning module D3D11RHI (8)
[2016.09.20-07.37.23:117][176]LogModuleManager: Shutting down and abandoning module Renderer (7)
[2016.09.20-07.37.23:117][176]LogModuleManager: Shutting down and abandoning module Engine (6)
[2016.09.20-07.37.23:117][176]LogModuleManager: Shutting down and abandoning module CoreUObject (5)
[2016.09.20-07.37.23:117][176]LogModuleManager: Shutting down and abandoning module NetworkFile (4)
[2016.09.20-07.37.23:117][176]LogModuleManager: Shutting down and abandoning module StreamingFile (3)
[2016.09.20-07.37.23:117][176]LogModuleManager: Shutting down and abandoning module SandboxFile (2)
[2016.09.20-07.37.23:117][176]LogModuleManager: Shutting down and abandoning module PakFile (1)
[2016.09.20-07.37.23:118][176]LogExit: Exiting.
[2016.09.20-07.37.23:128][176]Log file closed, 09/20/16 00:37:23
