Log file open, 09/19/16 10:08:54
LogInit:Display: Running engine for game: ShoppingSim16
LogInit: Version: 4.7.6-2513093+++depot+UE4-Releases+4.7
LogInit: API Version: 2455222
LogInit: Compiled (64-bit): Apr 15 2015 12:09:54
LogInit: Compiled with Visual C++: 18.00.21005.01
LogInit: Build Configuration: Development
LogInit: Branch Name: ++depot+UE4-Releases+4.7
LogInit: Command line: -EpicPortal 
LogInit: Base directory: C:/Program Files/Epic Games/4.7/Engine/Binaries/Win64/
LogInit: Rocket: 1
[2016.09.19-17.08.54:130][  0]LogTaskGraph: Started task graph with 3 named threads and 8 total threads.
[2016.09.19-17.08.54:223][  0]LogOnline:Warning: No default platform service specified for OnlineSubsystem
[2016.09.19-17.08.54:253][  0]LogInit: Presizing for 0 objects not considered by GC, pre-allocating 0 bytes.
[2016.09.19-17.08.54:261][  0]LogInit: Object subsystem initialized
[2016.09.19-17.08.54:263][  0]LogConsoleResponse:Warning: Skipping Unknown console variable: 'TranslucentSortAxis = (X=0.000000,Y=-1.000000,Z=0.000000)'
[2016.09.19-17.08.54:263][  0]LogConsoleResponse:Warning:   Found in ini file 'D:/Unreal Projects/ShoppingSim16/Saved/Config/Windows/Engine.ini', in section '[/Script/Engine.RendererSettings]'
[2016.09.19-17.08.54:263][  0]LogConsoleResponse:Warning: Skipping Unknown console variable: 'UIScaleRule = ShortestSide'
[2016.09.19-17.08.54:263][  0]LogConsoleResponse:Warning:   Found in ini file 'D:/Unreal Projects/ShoppingSim16/Saved/Config/Windows/Engine.ini', in section '[/Script/Engine.RendererSettings]'
[2016.09.19-17.08.54:263][  0]LogConsoleResponse:Warning: Skipping Unknown console variable: 'UIScaleCurve = (EditorCurveData=(Keys=),ExternalCurve=None)'
[2016.09.19-17.08.54:263][  0]LogConsoleResponse:Warning:   Found in ini file 'D:/Unreal Projects/ShoppingSim16/Saved/Config/Windows/Engine.ini', in section '[/Script/Engine.RendererSettings]'
[2016.09.19-17.08.54:263][  0]LogInit: Selected Device Profile: [Windows]
[2016.09.19-17.08.54:263][  0]LogInit: Applying CVar settings loaded from the selected device profile: [Windows]
[2016.09.19-17.08.54:270][  0]LogInit: Computer: BEASTMODE
[2016.09.19-17.08.54:270][  0]LogInit: User: Dan
[2016.09.19-17.08.54:270][  0]LogInit: CPU Page size=4096, Cores=6
[2016.09.19-17.08.54:270][  0]LogInit: High frequency timer resolution =3.222657 MHz
[2016.09.19-17.08.54:270][  0]LogMemory: Memory total: Physical=15.9GB (16GB approx) Virtual=131072.0GB
[2016.09.19-17.08.54:270][  0]LogMemory: Platform Memory Stats for Windows
[2016.09.19-17.08.54:270][  0]LogMemory: Process Physical Memory: 47.73 MB used, 47.73 MB peak
[2016.09.19-17.08.54:270][  0]LogMemory: Process Virtual Memory: 25.03 MB used, 25.04 MB peak
[2016.09.19-17.08.54:270][  0]LogMemory: Physical Memory: 7126.37 MB used, 16279.19 MB total
[2016.09.19-17.08.54:270][  0]LogMemory: Virtual Memory: 312.04 MB used, 134217728.00 MB total
[2016.09.19-17.08.54:311][  0]LogD3D11RHI: Found D3D11 adapter 0: NVIDIA GeForce GTX 970 (Feature Level 11_0)
[2016.09.19-17.08.54:311][  0]LogD3D11RHI: Adapter has 4058MB of dedicated video memory, 0MB of dedicated system memory, and 8139MB of shared system memory, 2 output[s]
[2016.09.19-17.08.54:315][  0]LogD3D11RHI: Found D3D11 adapter 1: Microsoft Basic Render Driver (Feature Level 11_0)
[2016.09.19-17.08.54:315][  0]LogD3D11RHI: Adapter has 0MB of dedicated video memory, 0MB of dedicated system memory, and 8139MB of shared system memory, 0 output[s]
[2016.09.19-17.08.54:315][  0]LogD3D11RHI: Chosen D3D11 Adapter Id = 0
[2016.09.19-17.08.54:319][  0]LogRHI: Texture pool is 1361 MB (70% of 1945 MB)
[2016.09.19-17.08.54:334][  0]LogD3D11RHI: Async texture creation enabled
[2016.09.19-17.08.54:408][  0]LogTextLocalizationManager: The requested culture ('en_US') has no localization data; parent culture's ('en') localization data will be used.
[2016.09.19-17.08.54:463][  0]LogTextLocalizationManager:Warning: Loading localization resources contain conflicting entries for (Namespace:UICommands, Key:Save_ToolTip):
Resource: (C:/Program Files/Epic Games/4.7/Engine/Content/Localization/Editor/en/Editor.locres) Hash: (-29098895) String: (Saves the current level to disk)
Resource: (C:/Program Files/Epic Games/4.7/Engine/Content/Localization/Engine/en/Engine.locres) Hash: (-1280300587) String: (Save selected data to vlog file)
[2016.09.19-17.08.54:463][  0]LogTextLocalizationManager:Warning: Loading localization resources contain conflicting entries for (Namespace:ContentBrowser, Key:ImportAssetToolTip):
Resource: (C:/Program Files/Epic Games/4.7/Engine/Content/Localization/Editor/en/Editor.locres) Hash: (-630476809) String: (Import to {0}...)
Resource: (C:/Program Files/Epic Games/4.7/Engine/Content/Localization/Editor/en/Editor.locres) Hash: (1271782899) String: (Imports an asset from file to this folder.)
[2016.09.19-17.08.54:536][  0]LogContentStreaming: Texture pool size is 0.000000MB
[2016.09.19-17.08.56:886][  0]LogTargetPlatformManager:Display: Building Assets For Windows
[2016.09.19-17.08.57:568][  0]LogTargetPlatformManager:Display: Building Assets For Windows
[2016.09.19-17.08.57:642][  0]LogDerivedDataCache:Display: Max Cache Size: 512 MB
[2016.09.19-17.08.57:691][  0]LogDerivedDataCache: Loaded boot cache 0.05s 39MB C:/Users/Dan/AppData/Local/UnrealEngine/4.7/DerivedDataCache/Boot.ddc.
[2016.09.19-17.08.57:692][  0]LogDerivedDataCache:Display: Loaded Boot cache: C:/Users/Dan/AppData/Local/UnrealEngine/4.7/DerivedDataCache/Boot.ddc
[2016.09.19-17.08.57:692][  0]LogDerivedDataCache: FDerivedDataBackendGraph:  Pak pak cache file D:/Unreal Projects/ShoppingSim16/DerivedDataCache/DDC.ddp not found, will not use a pak cache.
[2016.09.19-17.08.57:692][  0]LogDerivedDataCache: Unable to find inner node Pak for hierarchical cache Hierarchy.
[2016.09.19-17.08.57:798][  0]LogDerivedDataCache:Display: Pak cache opened for reading ../../../Engine/DerivedDataCache/Compressed.ddp.
[2016.09.19-17.08.57:811][  0]LogDerivedDataCache: Using Local data cache path C:/Users/Dan/AppData/Local/UnrealEngine/Common/DerivedDataCache: Writable
[2016.09.19-17.08.58:145][  0]LogMeshUtilities: No automatic mesh reduction module available
[2016.09.19-17.08.58:145][  0]LogMeshUtilities: No automatic mesh merging module available
[2016.09.19-17.08.58:564][  0]LogInit: WinSock: version 1.1 (2.2), MaxSocks=32767, MaxUdp=65467
[2016.09.19-17.08.58:704][  0]LogSlate:Warning: Failed to load font data from '../../../Engine/Content/Slate/Fonts/Roboto-Italic.ttf'
[2016.09.19-17.09.00:201][  0]UdpMessaging: Initializing bridge on interface 0.0.0.0:0 to multicast group 230.0.0.1:6666.
[2016.09.19-17.09.00:531][  0]SourceControl: Info Source control is disabled
[2016.09.19-17.09.00:531][  0]SourceControl: Info Source control is disabled
[2016.09.19-17.09.00:531][  0]SourceControl: Info Source control is disabled
[2016.09.19-17.09.00:532][  0]LogSourceControl: RunCommandInternalRaw: 'git version'
[2016.09.19-17.09.00:532][  0]LogSourceControl: RunCommandInternalRaw: ExecProcess ReturnCode=2 OutResults=''
[2016.09.19-17.09.00:548][  0]SourceControl: Info Source control is disabled
[2016.09.19-17.09.00:888][  0]LogObj: 24232 objects as part of root set at end of initial load.
[2016.09.19-17.09.00:888][  0]LogUObjectAllocator: 5137176 out of 0 bytes used by permanent object pool.
[2016.09.19-17.09.01:001][  0]LogEngine: Initializing Engine...
[2016.09.19-17.09.03:243][  0]LogInit: XAudio2 using 'Speakers (High Definition Audio Device)' : 2 channels at 44.1 kHz using 16 bits per sample (channel mask 0x3)
[2016.09.19-17.09.03:259][  0]LogInit: FAudioDevice initialized.
[2016.09.19-17.09.03:311][  0]LogAIModule: Creating AISystem for world NewWorld
[2016.09.19-17.09.03:330][  0]LogDerivedDataCache: Saved boot cache 0.02s 39MB C:/Users/Dan/AppData/Local/UnrealEngine/4.7/DerivedDataCache/Boot.ddc.
[2016.09.19-17.09.03:334][  0]LogInit: Texture streaming: Enabled
[2016.09.19-17.09.03:458][  0]LogAnalytics: Creating configured Analytics provider AnalyticsET
[2016.09.19-17.09.03:458][  0]LogAnalytics: ET APIKey = Rocket.Release. APIServer = http://et2.epicgames.com/ET2/. AppVersion = 4.7.6-2513093+++depot+UE4-Releases+4.7
[2016.09.19-17.09.03:458][  0]LogAnalytics: ET APIKey = Rocket.Release. DataRouterUploadURL = https://datarouter-public-service-gamedev.ol.epicgames.net/datarouter/api/v1/public/data. AppVersion = 4.7.6-2513093+++depot+UE4-Releases+4.7
[2016.09.19-17.09.03:458][  0]LogAnalytics: SetUserId 254acde242fd98340836659f26b5e0d0|6906475eeee24fe1838e76f93979595d|383d6eb6-4d07-4295-981b-d139fb8272cb
[2016.09.19-17.09.03:459][  0]LogAnalytics: AnalyticsET::StartSession [Rocket.Release]
[2016.09.19-17.09.03:497][  0]LogInit: Transaction tracking system initialized
[2016.09.19-17.09.03:780][  0]BlueprintLog: New page: Editor Load
[2016.09.19-17.09.03:824][  0]LogAssetRegistry: FAssetRegistry took 0.0107 seconds to start up
[2016.09.19-17.09.03:824][  0]LogDirectoryWatcher:Warning: Failed to begin reading directory changes for ../../../Engine/Plugins/Experimental/CharacterAI/Content/. Error: 0
[2016.09.19-17.09.04:424][  0]LogTargetPlatformManager:Display: Building Assets For Windows
[2016.09.19-17.09.04:704][  0]LogTargetPlatformManager:Display: Building Assets For Windows
[2016.09.19-17.09.05:114][  0]LogSlate:Warning: Failed to load font data from '../../../Engine/Content/Editor/Slate/Fonts/Roboto-Regular.ttf'
[2016.09.19-17.09.05:115][  0]LogSlate:Warning: Failed to load font data from '../../../Engine/Content/Editor/Slate/Fonts/Roboto-Bold.ttf'
[2016.09.19-17.09.05:120][  0]LogConsoleResponse:Display: 
[2016.09.19-17.09.05:259][  0]LogCook:Display: Done creating registry. It took  0.00s.
[2016.09.19-17.09.05:457][  0]SourceControl: Info Source control is disabled
[2016.09.19-17.09.05:457][  0]Cmd: MAP LOAD FILE="D:/Unreal Projects/ShoppingSim16/Content/FirstPersonBP/Maps/FirstPersonExampleMap.umap" TEMPLATE=0 SHOWPROGRESS=1 FEATURELEVEL=3
[2016.09.19-17.09.05:458][  0]LightingResults: New page: Lighting Build
[2016.09.19-17.09.05:473][  0]MapCheck: New page: Map Check
[2016.09.19-17.09.05:473][  0]LightingResults: New page: Lighting Build
[2016.09.19-17.09.05:479][  0]LogParticles: Destroying 0 GPU particle simulations for FXSystem 0x000001E1636FF380
[2016.09.19-17.09.05:488][  0]LogLinker:Warning: Asset '../../../Engine/Content/EngineMeshes/Humanoid.uasset' has been saved with empty engine version. The asset will be loaded but may be incompatible.
[2016.09.19-17.09.07:155][  0]LogEditorServer: Finished looking for orphan Actors (0.000 secs)
[2016.09.19-17.09.08:089][  0]LogAIModule: Creating AISystem for world FirstPersonExampleMap
[2016.09.19-17.09.08:090][  0]Cmd: MAP CHECKDEP
[2016.09.19-17.09.08:091][  0]MapCheck: New page: FirstPersonExampleMap - Sep 19, 2016, 3:09:08 AM
[2016.09.19-17.09.08:228][  0]MapCheck: Info Map check complete: 0 Error(s), 0 Warning(s), took 137.914ms to complete.
[2016.09.19-17.09.08:228][  0]LogFileHelpers: Loading map 'FirstPersonExampleMap' took 2.771
[2016.09.19-17.09.08:383][  0]LogCollectionManager: Loaded 0 collections in 0.005148 seconds
[2016.09.19-17.09.08:401][  0]LogContentBrowser: Native class hierarchy populated in 0.0168 seconds. Added 1696 classes and 261 folders.
[2016.09.19-17.09.08:510][  0]LogContentBrowser: Native class hierarchy updated for 'SceneOutliner' in 0.0038 seconds. Added 1 classes and 2 folders.
[2016.09.19-17.09.08:583][  0]LogCrashTracker: Crashtracker disabled due to settings.
[2016.09.19-17.09.08:584][  0]LogSlate:Warning: Failed to load font data from 'Veranda'
[2016.09.19-17.09.08:590][  0]LogUObjectGlobals:Warning: Failed to find object 'Class None.'
[2016.09.19-17.09.08:622][  0]LogLoad: Full Startup: 16.56 seconds (BP compile: 0.77 seconds)
[2016.09.19-17.09.08:657][  0]LogContentBrowser:Verbose: The content browser source was changed by the sources view to '/Game/FirstPersonBP/Blueprints'
[2016.09.19-17.09.08:811][  0]LogRenderer:Warning: Reallocating scene render targets to support 32x32 (Frame:2).
[2016.09.19-17.09.08:934][  0]LogRenderer:Warning: Reallocating scene render targets to support 1616x904 (Frame:8).
[2016.09.19-17.09.09:135][  4]LogAssetRegistry: Asset discovery search completed in 5.3216 seconds
[2016.09.19-17.09.22:725][531]LogActorComponent: UnregisterComponent: (/Engine/Transient.ProjectileMovementComponent_40__A6522401) Not registered. Aborting.
[2016.09.19-17.09.22:748][531]Cmd: MAP LOAD FILE="D:/Unreal Projects/ShoppingSim16/Content/StoreAssetPlayground.umap" TEMPLATE=0 SHOWPROGRESS=1 FEATURELEVEL=3
[2016.09.19-17.09.22:793][531]LightingResults: New page: Lighting Build
[2016.09.19-17.09.22:845][531]LoadErrors: New page: Loading map: StoreAssetPlayground.umap
[2016.09.19-17.09.22:846][531]MapCheck: New page: Map Check
[2016.09.19-17.09.22:846][531]LightingResults: New page: Lighting Build
[2016.09.19-17.09.22:852][531]LogParticles: Destroying 0 GPU particle simulations for FXSystem 0x000001E159D8E660
[2016.09.19-17.09.25:449][531]LogEditorServer: Finished looking for orphan Actors (0.000 secs)
[2016.09.19-17.09.26:522][531]LogAIModule: Creating AISystem for world StoreAssetPlayground
[2016.09.19-17.09.26:572][531]Cmd: MAP CHECKDEP
[2016.09.19-17.09.26:572][531]MapCheck: New page: StoreAssetPlayground - Sep 19, 2016, 3:09:26 AM
[2016.09.19-17.09.26:700][531]MapCheck: Info Map check complete: 0 Error(s), 0 Warning(s), took 128.083ms to complete.
[2016.09.19-17.09.26:700][531]LogFileHelpers: Loading map 'StoreAssetPlayground' took 3.954
[2016.09.19-17.09.30:243][717]LogRenderer:Warning: Reallocating scene render targets to support 2032x968 (Frame:1357).
[2016.09.19-17.09.30:334][718]LogRenderer:Warning: Reallocating scene render targets to support 2560x1040 (Frame:1360).
[2016.09.19-17.09.52:386][370]Cmd: SELECT NONE
[2016.09.19-17.09.55:822][526]BlueprintLog: New page: Pre-PIE auto-recompile
[2016.09.19-17.09.55:822][526]LogPlayLevel: [PIE] Compiling StoreAssetPlayground before PIE...
[2016.09.19-17.09.55:874][526]LogPlayLevel: PIE:  Blueprint regeneration took 52 ms (1 blueprints)
[2016.09.19-17.09.55:874][526]PIE: New page: PIE session: StoreAssetPlayground (Sep 19, 2016, 3:09:55 AM)
[2016.09.19-17.09.56:113][526]LogPlayLevel: PIE: StaticDuplicateObject took: (0.238420s)
[2016.09.19-17.09.56:113][526]LogPlayLevel: PIE: World Init took: (0.000484s)
[2016.09.19-17.09.56:114][526]LogPlayLevel: PIE: Created PIE world by copying editor world from /Game/StoreAssetPlayground.StoreAssetPlayground to /Game/UEDPIE_0_StoreAssetPlayground.StoreAssetPlayground (0.240129s)
[2016.09.19-17.09.56:319][526]LogWorld: Game class is 'FirstPersonGameMode_C'
[2016.09.19-17.09.56:320][526]LogAIModule: Creating AISystem for world StoreAssetPlayground
[2016.09.19-17.09.56:806][526]LogWorld: Bringing World /Game/UEDPIE_0_StoreAssetPlayground.StoreAssetPlayground up for play (max tick rate 0) at 2016.09.19-10.09.56
[2016.09.19-17.09.56:833][526]LogWorld: Bringing up level for play took: 0.511223
[2016.09.19-17.09.56:839][526]PIE: Info Play in editor start time for /Game/UEDPIE_0_StoreAssetPlayground 1.955
[2016.09.19-17.10.04:343][997]Cmd: LevelEditor.ToggleImmersive
[2016.09.19-17.10.04:406][997]LogRenderTargetPool:Warning: r.RenderTargetPoolMin exceeded 410/400 MB (ok in editor, bad on fixed memory platform)
[2016.09.19-17.11.27:468][386]LogCharacterMovement: FirstPersonCharacter_C_4 is stuck and failed to move!
[2016.09.19-17.12.39:921][939]LogCharacterMovement: FirstPersonCharacter_C_4 is stuck and failed to move!
[2016.09.19-17.12.41:097][985]LogCharacterMovement: FirstPersonCharacter_C_4 is stuck and failed to move!
[2016.09.19-17.12.51:308][535]LogCharacterMovement: FirstPersonCharacter_C_4 is stuck and failed to move!
[2016.09.19-17.13.50:428][955]LogCharacterMovement: FirstPersonCharacter_C_4 is stuck and failed to move!
[2016.09.19-17.14.33:653][992]LogCharacterMovement: FirstPersonCharacter_C_4 is stuck and failed to move!
[2016.09.19-17.15.00:610][898]LogCharacterMovement: FirstPersonCharacter_C_4 is stuck and failed to move!
[2016.09.19-17.15.10:374][249]LogParticles: Destroying 0 GPU particle simulations for FXSystem 0x000001E15A479120
[2016.09.19-17.15.31:240][962]Cmd: SELECT NONE
[2016.09.19-17.15.34:999][ 71]LogEditorViewport: Clicking on Actor (LMB): StaticMeshActor (Floor)
[2016.09.19-17.15.43:285][323]Cmd: SELECT NONE
[2016.09.19-17.16.14:092][166]LogContentBrowser:Verbose: The content browser source was changed by the sources view to 'None'
[2016.09.19-17.18.10:873][682]BlueprintLog: New page: Pre-PIE auto-recompile
[2016.09.19-17.18.10:874][682]LogPlayLevel: [PIE] Compiling StoreAssetPlayground before PIE...
[2016.09.19-17.18.10:917][682]LogActorComponent: UnregisterComponent: (/Engine/Transient.ProjectileMovementComponent_40__A6522401) Not registered. Aborting.
[2016.09.19-17.18.10:928][682]LogPlayLevel: PIE:  Blueprint regeneration took 54 ms (1 blueprints)
[2016.09.19-17.18.10:929][682]PIE: New page: PIE session: StoreAssetPlayground (Sep 19, 2016, 3:18:10 AM)
[2016.09.19-17.18.11:153][682]LogPlayLevel: PIE: StaticDuplicateObject took: (0.224461s)
[2016.09.19-17.18.11:154][682]LogPlayLevel: PIE: World Init took: (0.000988s)
[2016.09.19-17.18.11:156][682]LogPlayLevel: PIE: Created PIE world by copying editor world from /Game/StoreAssetPlayground.StoreAssetPlayground to /Game/UEDPIE_0_StoreAssetPlayground.StoreAssetPlayground (0.227143s)
[2016.09.19-17.18.11:195][682]LogWorld: Game class is 'FirstPersonGameMode_C'
[2016.09.19-17.18.11:198][682]LogAIModule: Creating AISystem for world StoreAssetPlayground
[2016.09.19-17.18.11:694][682]LogWorld: Bringing World /Game/UEDPIE_0_StoreAssetPlayground.StoreAssetPlayground up for play (max tick rate 0) at 2016.09.19-10.18.11
[2016.09.19-17.18.11:722][682]LogWorld: Bringing up level for play took: 0.523240
[2016.09.19-17.18.11:726][682]PIE: Info Play in editor start time for /Game/UEDPIE_0_StoreAssetPlayground 0.841
[2016.09.19-17.18.11:913][685]LogRenderTargetPool:Warning: r.RenderTargetPoolMin exceeded 410/400 MB (ok in editor, bad on fixed memory platform)
[2016.09.19-17.19.01:017][ 19]LogParticles: Destroying 0 GPU particle simulations for FXSystem 0x000001E159EAD620
[2016.09.19-17.20.36:495][729]LogEditorViewport: Clicking on Actor (LMB): StaticMeshActor (Cube2352)
[2016.09.19-17.20.40:154][878]BlueprintLog: New page: Pre-PIE auto-recompile
[2016.09.19-17.20.40:154][878]LogPlayLevel: [PIE] Compiling StoreAssetPlayground before PIE...
[2016.09.19-17.20.40:244][878]LogPlayLevel: PIE:  Blueprint regeneration took 89 ms (1 blueprints)
[2016.09.19-17.20.40:244][878]PIE: New page: PIE session: StoreAssetPlayground (Sep 19, 2016, 3:20:40 AM)
[2016.09.19-17.20.40:483][878]LogPlayLevel: PIE: StaticDuplicateObject took: (0.238991s)
[2016.09.19-17.20.40:484][878]LogPlayLevel: PIE: World Init took: (0.000608s)
[2016.09.19-17.20.40:485][878]LogPlayLevel: PIE: Created PIE world by copying editor world from /Game/StoreAssetPlayground.StoreAssetPlayground to /Game/UEDPIE_0_StoreAssetPlayground.StoreAssetPlayground (0.240703s)
[2016.09.19-17.20.40:536][878]LogWorld: Game class is 'FirstPersonGameMode_C'
[2016.09.19-17.20.40:540][878]LogAIModule: Creating AISystem for world StoreAssetPlayground
[2016.09.19-17.20.41:027][878]LogWorld: Bringing World /Game/UEDPIE_0_StoreAssetPlayground.StoreAssetPlayground up for play (max tick rate 0) at 2016.09.19-10.20.41
[2016.09.19-17.20.41:052][878]LogWorld: Bringing up level for play took: 0.512283
[2016.09.19-17.20.41:056][878]PIE: Info Play in editor start time for /Game/UEDPIE_0_StoreAssetPlayground 0.171
[2016.09.19-17.20.41:253][881]LogRenderTargetPool:Warning: r.RenderTargetPoolMin exceeded 410/400 MB (ok in editor, bad on fixed memory platform)
[2016.09.19-17.20.49:281][317]LogCharacterMovement: FirstPersonCharacter_C_6 is stuck and failed to move!
[2016.09.19-17.21.09:639][297]LogCharacterMovement: FirstPersonCharacter_C_6 is stuck and failed to move!
[2016.09.19-17.21.09:896][310]LogCharacterMovement: FirstPersonCharacter_C_6 is stuck and failed to move!
[2016.09.19-17.21.09:913][311]LogCharacterMovement: FirstPersonCharacter_C_6 is stuck and failed to move!
[2016.09.19-17.21.12:130][416]LogCharacterMovement: FirstPersonCharacter_C_6 is stuck and failed to move!
[2016.09.19-17.21.13:337][471]LogCharacterMovement: FirstPersonCharacter_C_6 is stuck and failed to move!
[2016.09.19-17.21.13:378][472]LogCharacterMovement: FirstPersonCharacter_C_6 is stuck and failed to move!
[2016.09.19-17.23.28:311][380]LogCharacterMovement: FirstPersonCharacter_C_6 is stuck and failed to move!
[2016.09.19-17.23.28:377][383]LogCharacterMovement: FirstPersonCharacter_C_6 is stuck and failed to move!
[2016.09.19-17.24.19:151][982]LogCharacterMovement: FirstPersonCharacter_C_6 is stuck and failed to move!
[2016.09.19-17.24.22:867][160]LogParticles: Destroying 0 GPU particle simulations for FXSystem 0x000001E159B6B380
[2016.09.19-17.24.29:322][454]LogUProjectInfo: Found projects:
[2016.09.19-17.24.32:332][592]Cmd: CLOSE_SLATE_MAINFRAME
[2016.09.19-17.24.34:949][592]Cmd: OBJ SAVEPACKAGE PACKAGE="/Game/StoreAssetPlayground" FILE="D:/Unreal Projects/ShoppingSim16/Content/StoreAssetPlayground.umap" SILENT=true AUTOSAVING=false KEEPDIRTY=false
[2016.09.19-17.24.40:839][592]LogSavePackage: Save=5809.154785ms
[2016.09.19-17.24.40:839][592]LogSavePackage: Moving 'D:/Unreal Projects/ShoppingSim16/Saved/StoreAssetPlayground948512674142C7BB23B64387AB9B9044.tmp' to 'D:/Unreal Projects/ShoppingSim16/Content/StoreAssetPlayground.umap'
[2016.09.19-17.24.40:862][592]LogFileHelpers: Saving map 'StoreAssetPlayground' took 6.137
[2016.09.19-17.24.41:277][593]Cmd: QUIT_EDITOR
[2016.09.19-17.24.41:497][593]LogExit: Preparing to exit.
[2016.09.19-17.24.42:693][593]LogExit: Editor shut down
[2016.09.19-17.24.42:694][593]LogExit: Transaction tracking system shut down
[2016.09.19-17.24.42:699][593]LogParticles: Destroying 0 GPU particle simulations for FXSystem 0x000001E15A0E4CC0
[2016.09.19-17.24.42:700][593]LogParticles: Destroying 0 GPU particle simulations for FXSystem 0x000001E1144B36A0
[2016.09.19-17.24.42:700][593]LogParticles: Destroying 0 GPU particle simulations for FXSystem 0x000001E11462E8E0
[2016.09.19-17.24.42:700][593]LogParticles: Destroying 0 GPU particle simulations for FXSystem 0x000001E17FB32B60
[2016.09.19-17.24.42:789][593]LogParticles: Destroying 0 GPU particle simulations for FXSystem 0x000001E159ED18A0
[2016.09.19-17.24.42:789][593]LogExit: Object subsystem successfully closed.
[2016.09.19-17.24.42:883][593]LogModuleManager: Shutting down and abandoning module CrashTracker (177)
[2016.09.19-17.24.42:883][593]LogModuleManager: Shutting down and abandoning module SuperSearch (176)
[2016.09.19-17.24.42:883][593]LogModuleManager: Shutting down and abandoning module SceneOutliner (175)
[2016.09.19-17.24.42:883][593]LogModuleManager: Shutting down and abandoning module EditorWidgets (174)
[2016.09.19-17.24.42:883][593]LogModuleManager: Shutting down and abandoning module CollectionManager (173)
[2016.09.19-17.24.42:884][593]LogModuleManager: Shutting down and abandoning module StatsViewer (172)
[2016.09.19-17.24.42:884][593]LogModuleManager: Shutting down and abandoning module FoliageEdit (171)
[2016.09.19-17.24.42:884][593]LogModuleManager: Shutting down and abandoning module LandscapeEditor (170)
[2016.09.19-17.24.42:884][593]LogModuleManager: Shutting down and abandoning module MeshPaint (169)
[2016.09.19-17.24.42:884][593]LogModuleManager: Shutting down and abandoning module ActorPickerMode (168)
[2016.09.19-17.24.42:884][593]LogModuleManager: Shutting down and abandoning module GeometryMode (167)
[2016.09.19-17.24.42:884][593]LogModuleManager: Shutting down and abandoning module TextureAlignMode (166)
[2016.09.19-17.24.42:884][593]LogModuleManager: Shutting down and abandoning module BspMode (165)
[2016.09.19-17.24.42:884][593]LogModuleManager: Shutting down and abandoning module PlacementMode (164)
[2016.09.19-17.24.42:884][593]LogModuleManager: Shutting down and abandoning module AutomationWorker (163)
[2016.09.19-17.24.42:884][593]LogModuleManager: Shutting down and abandoning module CharacterAI (162)
[2016.09.19-17.24.42:884][593]LogModuleManager: Shutting down and abandoning module SmartSnapping (161)
[2016.09.19-17.24.42:884][593]LogModuleManager: Shutting down and abandoning module ViewportSnapping (160)
[2016.09.19-17.24.42:884][593]LogModuleManager: Shutting down and abandoning module LogVisualizer (159)
[2016.09.19-17.24.42:884][593]LogModuleManager: Shutting down and abandoning module GameProjectGeneration (158)
[2016.09.19-17.24.42:884][593]LogModuleManager: Shutting down and abandoning module IntroTutorials (157)
[2016.09.19-17.24.42:884][593]LogModuleManager: Shutting down and abandoning module EditorLiveStreaming (156)
[2016.09.19-17.24.42:884][593]LogModuleManager: Shutting down and abandoning module HardwareTargeting (155)
[2016.09.19-17.24.42:884][593]LogModuleManager: Shutting down and abandoning module DeviceProfileEditor (154)
[2016.09.19-17.24.42:884][593]LogModuleManager: Shutting down and abandoning module UndoHistory (153)
[2016.09.19-17.24.42:884][593]LogModuleManager: Shutting down and abandoning module GameplayTagsEditor (152)
[2016.09.19-17.24.42:884][593]LogModuleManager: Shutting down and abandoning module UserFeedback (151)
[2016.09.19-17.24.42:884][593]LogModuleManager: Shutting down and abandoning module XmlParser (150)
[2016.09.19-17.24.42:884][593]LogModuleManager: Shutting down and abandoning module Blutility (149)
[2016.09.19-17.24.42:884][593]LogModuleManager: Shutting down and abandoning module IOSPlatformEditor (148)
[2016.09.19-17.24.42:884][593]LogModuleManager: Shutting down and abandoning module IOSRuntimeSettings (147)
[2016.09.19-17.24.42:884][593]LogModuleManager: Shutting down and abandoning module AndroidDeviceDetection (146)
[2016.09.19-17.24.43:126][593]LogModuleManager: Shutting down and abandoning module AndroidPlatformEditor (145)
[2016.09.19-17.24.43:126][593]LogModuleManager: Shutting down and abandoning module AndroidRuntimeSettings (144)
[2016.09.19-17.24.43:126][593]LogModuleManager: Shutting down and abandoning module ProjectTargetPlatformEditor (143)
[2016.09.19-17.24.43:126][593]LogModuleManager: Shutting down and abandoning module ProjectSettingsViewer (142)
[2016.09.19-17.24.43:126][593]LogModuleManager: Shutting down and abandoning module InputBindingEditor (141)
[2016.09.19-17.24.43:126][593]LogModuleManager: Shutting down and abandoning module EditorSettingsViewer (140)
[2016.09.19-17.24.43:126][593]LogModuleManager: Shutting down and abandoning module SettingsEditor (139)
[2016.09.19-17.24.43:126][593]LogModuleManager: Shutting down and abandoning module ProjectLauncher (138)
[2016.09.19-17.24.43:126][593]LogModuleManager: Shutting down and abandoning module SessionFrontend (137)
[2016.09.19-17.24.43:126][593]LogModuleManager: Shutting down and abandoning module ProfilerClient (136)
[2016.09.19-17.24.43:126][593]LogModuleManager: Shutting down and abandoning module TargetDeviceServices (135)
[2016.09.19-17.24.43:126][593]LogModuleManager: Shutting down and abandoning module DeviceManager (134)
[2016.09.19-17.24.43:127][593]LogModuleManager: Shutting down and abandoning module AutomationController (133)
[2016.09.19-17.24.43:127][593]LogModuleManager: Shutting down and abandoning module AutomationWindow (132)
[2016.09.19-17.24.43:127][593]LogModuleManager: Shutting down and abandoning module Layers (131)
[2016.09.19-17.24.43:127][593]LogModuleManager: Shutting down and abandoning module ComponentVisualizers (130)
[2016.09.19-17.24.43:127][593]LogModuleManager: Shutting down and abandoning module DetailCustomizations (129)
[2016.09.19-17.24.43:127][593]LogModuleManager: Shutting down and abandoning module PackagesDialog (128)
[2016.09.19-17.24.43:127][593]LogModuleManager: Shutting down and abandoning module AssetRegistry (127)
[2016.09.19-17.24.43:155][593]LogModuleManager: Shutting down and abandoning module Persona (126)
[2016.09.19-17.24.43:155][593]LogModuleManager: Shutting down and abandoning module SlateReflector (125)
[2016.09.19-17.24.43:155][593]LogModuleManager: Shutting down and abandoning module LevelEditor (124)
[2016.09.19-17.24.43:156][593]LogModuleManager: Shutting down and abandoning module Kismet (123)
[2016.09.19-17.24.43:156][593]LogModuleManager: Shutting down and abandoning module GraphEditor (122)
[2016.09.19-17.24.43:157][593]LogModuleManager: Shutting down and abandoning module ClassViewer (121)
[2016.09.19-17.24.43:157][593]LogModuleManager: Shutting down and abandoning module Toolbox (120)
[2016.09.19-17.24.43:157][593]LogModuleManager: Shutting down and abandoning module ModuleUI (119)
[2016.09.19-17.24.43:157][593]LogModuleManager: Shutting down and abandoning module MovieSceneTools (118)
[2016.09.19-17.24.43:157][593]LogModuleManager: Shutting down and abandoning module OutputLog (117)
[2016.09.19-17.24.43:157][593]LogModuleManager: Shutting down and abandoning module GammaUI (116)
[2016.09.19-17.24.43:157][593]LogModuleManager: Shutting down and abandoning module Documentation (115)
[2016.09.19-17.24.43:157][593]LogModuleManager: Shutting down and abandoning module GameLiveStreaming (114)
[2016.09.19-17.24.43:157][593]LogModuleManager: Shutting down and abandoning module StreamingPauseRendering (113)
[2016.09.19-17.24.43:157][593]LogModuleManager: Shutting down and abandoning module HTTP (112)
[2016.09.19-17.24.43:157][593]LogModuleManager: Shutting down and abandoning module AnalyticsET (111)
[2016.09.19-17.24.43:157][593]LogModuleManager: Shutting down and abandoning module Analytics (110)
[2016.09.19-17.24.43:157][593]LogModuleManager: Shutting down and abandoning module AITestSuite (109)
[2016.09.19-17.24.43:157][593]LogModuleManager: Shutting down and abandoning module GameplayDebugger (108)
[2016.09.19-17.24.43:157][593]LogModuleManager: Shutting down and abandoning module AIModule (107)
[2016.09.19-17.24.43:157][593]LogModuleManager: Shutting down and abandoning module ProfilerService (106)
[2016.09.19-17.24.43:375][593]LogModuleManager: Shutting down and abandoning module TaskGraph (105)
[2016.09.19-17.24.43:375][593]LogModuleManager: Shutting down and abandoning module SlateRemote (104)
[2016.09.19-17.24.43:376][593]LogModuleManager: Shutting down and abandoning module ScriptEditorPlugin (103)
[2016.09.19-17.24.43:376][593]LogModuleManager: Shutting down and abandoning module CustomMeshComponent (102)
[2016.09.19-17.24.43:376][593]LogModuleManager: Shutting down and abandoning module CableComponent (101)
[2016.09.19-17.24.43:376][593]LogModuleManager: Shutting down and abandoning module MessagingDebugger (100)
[2016.09.19-17.24.43:376][593]LogModuleManager: Shutting down and abandoning module MediaPlayerEditor (99)
[2016.09.19-17.24.43:376][593]LogModuleManager: Shutting down and abandoning module SpeedTreeImporter (98)
[2016.09.19-17.24.43:376][593]LogModuleManager: Shutting down and abandoning module PluginsEditor (97)
[2016.09.19-17.24.43:376][593]LogModuleManager: Shutting down and abandoning module MainFrame (96)
[2016.09.19-17.24.43:376][593]LogModuleManager: Shutting down and abandoning module EpicSurvey (95)
[2016.09.19-17.24.43:376][593]LogModuleManager: Shutting down and abandoning module DesktopPlatform (94)
[2016.09.19-17.24.43:376][593]LogModuleManager: Shutting down and abandoning module DirectoryWatcher (93)
[2016.09.19-17.24.43:377][593]LogModuleManager: Shutting down and abandoning module HotReload (92)
[2016.09.19-17.24.43:377][593]LogModuleManager: Shutting down and abandoning module VisualStudioSourceCodeAccess (91)
[2016.09.19-17.24.43:377][593]LogModuleManager: Shutting down and abandoning module UObjectPlugin (90)
[2016.09.19-17.24.43:377][593]LogModuleManager: Shutting down and abandoning module SubversionSourceControl (89)
[2016.09.19-17.24.43:377][593]LogModuleManager: Shutting down and abandoning module PerforceSourceControl (88)
[2016.09.19-17.24.43:377][593]LogModuleManager: Shutting down and abandoning module SourceControl (87)
[2016.09.19-17.24.43:377][593]LogModuleManager: Shutting down and abandoning module GitSourceControl (86)
[2016.09.19-17.24.43:377][593]LogModuleManager: Shutting down and abandoning module BlankPlugin (85)
[2016.09.19-17.24.43:377][593]LogModuleManager: Shutting down and abandoning module PaperTiledImporter (84)
[2016.09.19-17.24.43:377][593]LogModuleManager: Shutting down and abandoning module PaperJsonImporter (83)
[2016.09.19-17.24.43:377][593]LogModuleManager: Shutting down and abandoning module ContentBrowser (82)
[2016.09.19-17.24.43:378][593]LogModuleManager: Shutting down and abandoning module Paper2DEditor (81)
[2016.09.19-17.24.43:379][593]LogModuleManager: Shutting down and abandoning module ScriptPlugin (80)
[2016.09.19-17.24.43:379][593]LogModuleManager: Shutting down and abandoning module UdpMessaging (79)
[2016.09.19-17.24.43:479][593]LogModuleManager: Shutting down and abandoning module Paper2D (78)
[2016.09.19-17.24.43:479][593]LogModuleManager: Shutting down and abandoning module WindowsMoviePlayer (77)
[2016.09.19-17.24.43:484][593]LogModuleManager: Shutting down and abandoning module Media (76)
[2016.09.19-17.24.43:484][593]LogModuleManager: Shutting down and abandoning module WmfMedia (75)
[2016.09.19-17.24.43:484][593]LogModuleManager: Shutting down and abandoning module OnlineBlueprintSupport (74)
[2016.09.19-17.24.43:484][593]LogModuleManager: Shutting down and abandoning module PropertyEditor (73)
[2016.09.19-17.24.43:484][593]LogModuleManager: Shutting down and abandoning module BehaviorTreeEditor (72)
[2016.09.19-17.24.43:484][593]LogModuleManager: Shutting down and abandoning module FunctionalTesting (71)
[2016.09.19-17.24.43:484][593]LogModuleManager: Shutting down and abandoning module CollisionAnalyzer (70)
[2016.09.19-17.24.43:484][593]LogModuleManager: Shutting down and abandoning module WorkspaceMenuStructure (69)
[2016.09.19-17.24.43:484][593]LogModuleManager: Shutting down and abandoning module MessageLog (68)
[2016.09.19-17.24.43:485][593]LogModuleManager: Shutting down and abandoning module Sequencer (67)
[2016.09.19-17.24.43:485][593]LogModuleManager: Shutting down and abandoning module AssetTools (66)
[2016.09.19-17.24.43:485][593]LogModuleManager: Shutting down and abandoning module UMGEditor (65)
[2016.09.19-17.24.43:485][593]LogModuleManager: Shutting down and abandoning module UMG (64)
[2016.09.19-17.24.43:485][593]LogModuleManager: Shutting down and abandoning module Slate (63)
[2016.09.19-17.24.43:485][593]LogModuleManager: Shutting down and abandoning module EditorStyle (62)
[2016.09.19-17.24.43:496][593]LogModuleManager: Shutting down and abandoning module SessionServices (61)
[2016.09.19-17.24.43:497][593]LogModuleManager: Shutting down and abandoning module SourceCodeAccess (60)
[2016.09.19-17.24.43:497][593]LogModuleManager: Shutting down and abandoning module HeadMountedDisplay (59)
[2016.09.19-17.24.43:497][593]LogModuleManager: Shutting down and abandoning module XAudio2 (58)
[2016.09.19-17.24.43:497][593]LogModuleManager: Shutting down and abandoning module Networking (56)
[2016.09.19-17.24.43:497][593]LogModuleManager: Shutting down and abandoning module Core (55)
[2016.09.19-17.24.43:497][593]LogModuleManager: Shutting down and abandoning module KismetCompiler (54)
[2016.09.19-17.24.43:497][593]LogModuleManager: Shutting down and abandoning module PhysXFormats (53)
[2016.09.19-17.24.43:497][593]LogModuleManager: Shutting down and abandoning module MeshUtilities (52)
[2016.09.19-17.24.43:497][593]LogModuleManager: Shutting down and abandoning module DerivedDataCache (51)
[2016.09.19-17.24.43:532][593]LogDerivedDataCache: Shutdown
[2016.09.19-17.24.43:532][593]LogModuleManager: Shutting down and abandoning module ShaderFormatOpenGL (50)
[2016.09.19-17.24.43:532][593]LogModuleManager: Shutting down and abandoning module ShaderFormatD3D (49)
[2016.09.19-17.24.43:532][593]LogModuleManager: Shutting down and abandoning module MetalShaderFormat (48)
[2016.09.19-17.24.43:533][593]LogModuleManager: Shutting down and abandoning module TextureFormatUncompressed (47)
[2016.09.19-17.24.43:533][593]LogModuleManager: Shutting down and abandoning module TextureFormatPVR (46)
[2016.09.19-17.24.43:533][593]LogModuleManager: Shutting down and abandoning module TextureFormatIntelISPCTexComp (45)
[2016.09.19-17.24.43:533][593]LogModuleManager: Shutting down and abandoning module TextureFormatDXT (44)
[2016.09.19-17.24.43:533][593]LogModuleManager: Shutting down and abandoning module ImageWrapper (43)
[2016.09.19-17.24.43:533][593]LogModuleManager: Shutting down and abandoning module TextureFormatASTC (42)
[2016.09.19-17.24.43:533][593]LogModuleManager: Shutting down and abandoning module TextureFormatAndroid (41)
[2016.09.19-17.24.43:533][593]LogModuleManager: Shutting down and abandoning module AudioFormatOpus (40)
[2016.09.19-17.24.43:533][593]LogModuleManager: Shutting down and abandoning module AudioFormatOgg (39)
[2016.09.19-17.24.43:533][593]LogModuleManager: Shutting down and abandoning module AudioFormatADPCM (38)
[2016.09.19-17.24.43:533][593]LogModuleManager: Shutting down and abandoning module LinuxTargetPlatform (37)
[2016.09.19-17.24.43:533][593]LogModuleManager: Shutting down and abandoning module LinuxServerTargetPlatform (36)
[2016.09.19-17.24.43:533][593]LogModuleManager: Shutting down and abandoning module LinuxNoEditorTargetPlatform (35)
[2016.09.19-17.24.43:533][593]LogModuleManager: Shutting down and abandoning module Messaging (34)
[2016.09.19-17.24.43:533][593]LogModuleManager: Shutting down and abandoning module IOSTargetPlatform (33)
[2016.09.19-17.24.43:533][593]LogModuleManager: Shutting down and abandoning module HTML5TargetPlatform (32)
[2016.09.19-17.24.43:533][593]LogModuleManager: Shutting down and abandoning module Android_PVRTCTargetPlatform (31)
[2016.09.19-17.24.43:533][593]LogModuleManager: Shutting down and abandoning module Android_ETC2TargetPlatform (30)
[2016.09.19-17.24.43:533][593]LogModuleManager: Shutting down and abandoning module Android_ETC1TargetPlatform (29)
[2016.09.19-17.24.43:533][593]LogModuleManager: Shutting down and abandoning module Android_ES31TargetPlatform (28)
[2016.09.19-17.24.43:533][593]LogModuleManager: Shutting down and abandoning module Android_DXTTargetPlatform (27)
[2016.09.19-17.24.43:533][593]LogModuleManager: Shutting down and abandoning module Android_ATCTargetPlatform (26)
[2016.09.19-17.24.43:533][593]LogModuleManager: Shutting down and abandoning module AndroidTargetPlatform (25)
[2016.09.19-17.24.43:533][593]LogModuleManager: Shutting down and abandoning module WindowsTargetPlatform (24)
[2016.09.19-17.24.43:533][593]LogModuleManager: Shutting down and abandoning module WindowsServerTargetPlatform (23)
[2016.09.19-17.24.43:533][593]LogModuleManager: Shutting down and abandoning module WindowsNoEditorTargetPlatform (22)
[2016.09.19-17.24.43:533][593]LogModuleManager: Shutting down and abandoning module WindowsClientTargetPlatform (21)
[2016.09.19-17.24.43:533][593]LogModuleManager: Shutting down and abandoning module TargetPlatform (20)
[2016.09.19-17.24.43:533][593]LogModuleManager: Shutting down and abandoning module InputCore (19)
[2016.09.19-17.24.43:533][593]LogModuleManager: Shutting down and abandoning module Settings (18)
[2016.09.19-17.24.43:533][593]LogModuleManager: Shutting down and abandoning module OnlineSubsystem (16)
[2016.09.19-17.24.43:533][593]LogModuleManager: Shutting down and abandoning module OculusRift (15)
[2016.09.19-17.24.43:534][593]LogModuleManager: Shutting down and abandoning module ExampleDeviceProfileSelector (14)
[2016.09.19-17.24.43:534][593]LogModuleManager: Shutting down and abandoning module TextureCompressor (13)
[2016.09.19-17.24.43:534][593]LogModuleManager: Shutting down and abandoning module ShaderCore (12)
[2016.09.19-17.24.43:534][593]LogModuleManager: Shutting down and abandoning module Landscape (11)
[2016.09.19-17.24.43:534][593]LogModuleManager: Shutting down and abandoning module SlateRHIRenderer (10)
[2016.09.19-17.24.43:536][593]LogModuleManager: Shutting down and abandoning module OpenGLDrv (9)
[2016.09.19-17.24.43:536][593]LogModuleManager: Shutting down and abandoning module D3D11RHI (8)
[2016.09.19-17.24.43:536][593]LogModuleManager: Shutting down and abandoning module Renderer (7)
[2016.09.19-17.24.43:536][593]LogModuleManager: Shutting down and abandoning module Engine (6)
[2016.09.19-17.24.43:536][593]LogModuleManager: Shutting down and abandoning module CoreUObject (5)
[2016.09.19-17.24.43:536][593]LogModuleManager: Shutting down and abandoning module NetworkFile (4)
[2016.09.19-17.24.43:537][593]LogModuleManager: Shutting down and abandoning module StreamingFile (3)
[2016.09.19-17.24.43:537][593]LogModuleManager: Shutting down and abandoning module SandboxFile (2)
[2016.09.19-17.24.43:537][593]LogModuleManager: Shutting down and abandoning module PakFile (1)
[2016.09.19-17.24.43:538][593]LogExit: Exiting.
[2016.09.19-17.24.43:561][593]Log file closed, 09/19/16 10:24:43
